Analysis & Synthesis report for Snooping
Wed Dec 05 18:01:19 2018
Quartus II 64-Bit Version 13.0.1 Build 232 06/12/2013 Service Pack 1 SJ Web Edition


---------------------
; Table of Contents ;
---------------------
  1. Legal Notice
  2. Analysis & Synthesis Summary
  3. Analysis & Synthesis Settings
  4. Parallel Compilation
  5. Analysis & Synthesis Source Files Read
  6. Analysis & Synthesis Resource Usage Summary
  7. Analysis & Synthesis Resource Utilization by Entity
  8. General Register Statistics
  9. Port Connectivity Checks: "CPU:cpu3"
 10. Port Connectivity Checks: "CPU:cpu2"
 11. Port Connectivity Checks: "CPU:cpu1|Mesi:m_e"
 12. Port Connectivity Checks: "CPU:cpu1"
 13. Elapsed Time Per Partition
 14. Analysis & Synthesis Messages
 15. Analysis & Synthesis Suppressed Messages



----------------
; Legal Notice ;
----------------
Copyright (C) 1991-2013 Altera Corporation
Your use of Altera Corporation's design tools, logic functions 
and other software and tools, and its AMPP partner logic 
functions, and any output files from any of the foregoing 
(including device programming or simulation files), and any 
associated documentation or information are expressly subject 
to the terms and conditions of the Altera Program License 
Subscription Agreement, Altera MegaCore Function License 
Agreement, or other applicable license agreement, including, 
without limitation, that your use is for the sole purpose of 
programming logic devices manufactured by Altera and sold by 
Altera or its authorized distributors.  Please refer to the 
applicable agreement for further details.



+--------------------------------------------------------------------------------------+
; Analysis & Synthesis Summary                                                         ;
+------------------------------------+-------------------------------------------------+
; Analysis & Synthesis Status        ; Successful - Wed Dec 05 18:01:19 2018           ;
; Quartus II 64-Bit Version          ; 13.0.1 Build 232 06/12/2013 SP 1 SJ Web Edition ;
; Revision Name                      ; Snooping                                        ;
; Top-level Entity Name              ; Snooping                                        ;
; Family                             ; Cyclone II                                      ;
; Total logic elements               ; 0                                               ;
;     Total combinational functions  ; 0                                               ;
;     Dedicated logic registers      ; 0                                               ;
; Total registers                    ; 0                                               ;
; Total pins                         ; 2                                               ;
; Total virtual pins                 ; 0                                               ;
; Total memory bits                  ; 0                                               ;
; Embedded Multiplier 9-bit elements ; 0                                               ;
; Total PLLs                         ; 0                                               ;
+------------------------------------+-------------------------------------------------+


+----------------------------------------------------------------------------------------------------------------------+
; Analysis & Synthesis Settings                                                                                        ;
+----------------------------------------------------------------------------+--------------------+--------------------+
; Option                                                                     ; Setting            ; Default Value      ;
+----------------------------------------------------------------------------+--------------------+--------------------+
; Device                                                                     ; EP2C35F672C6       ;                    ;
; Top-level entity name                                                      ; Snooping           ; Snooping           ;
; Family name                                                                ; Cyclone II         ; Cyclone IV GX      ;
; Use smart compilation                                                      ; Off                ; Off                ;
; Enable parallel Assembler and TimeQuest Timing Analyzer during compilation ; On                 ; On                 ;
; Enable compact report table                                                ; Off                ; Off                ;
; Restructure Multiplexers                                                   ; Auto               ; Auto               ;
; Create Debugging Nodes for IP Cores                                        ; Off                ; Off                ;
; Preserve fewer node names                                                  ; On                 ; On                 ;
; Disable OpenCore Plus hardware evaluation                                  ; Off                ; Off                ;
; Verilog Version                                                            ; Verilog_2001       ; Verilog_2001       ;
; VHDL Version                                                               ; VHDL_1993          ; VHDL_1993          ;
; State Machine Processing                                                   ; Auto               ; Auto               ;
; Safe State Machine                                                         ; Off                ; Off                ;
; Extract Verilog State Machines                                             ; On                 ; On                 ;
; Extract VHDL State Machines                                                ; On                 ; On                 ;
; Ignore Verilog initial constructs                                          ; Off                ; Off                ;
; Iteration limit for constant Verilog loops                                 ; 5000               ; 5000               ;
; Iteration limit for non-constant Verilog loops                             ; 250                ; 250                ;
; Add Pass-Through Logic to Inferred RAMs                                    ; On                 ; On                 ;
; Infer RAMs from Raw Logic                                                  ; On                 ; On                 ;
; Parallel Synthesis                                                         ; On                 ; On                 ;
; DSP Block Balancing                                                        ; Auto               ; Auto               ;
; NOT Gate Push-Back                                                         ; On                 ; On                 ;
; Power-Up Don't Care                                                        ; On                 ; On                 ;
; Remove Redundant Logic Cells                                               ; Off                ; Off                ;
; Remove Duplicate Registers                                                 ; On                 ; On                 ;
; Ignore CARRY Buffers                                                       ; Off                ; Off                ;
; Ignore CASCADE Buffers                                                     ; Off                ; Off                ;
; Ignore GLOBAL Buffers                                                      ; Off                ; Off                ;
; Ignore ROW GLOBAL Buffers                                                  ; Off                ; Off                ;
; Ignore LCELL Buffers                                                       ; Off                ; Off                ;
; Ignore SOFT Buffers                                                        ; On                 ; On                 ;
; Limit AHDL Integers to 32 Bits                                             ; Off                ; Off                ;
; Optimization Technique                                                     ; Balanced           ; Balanced           ;
; Carry Chain Length                                                         ; 70                 ; 70                 ;
; Auto Carry Chains                                                          ; On                 ; On                 ;
; Auto Open-Drain Pins                                                       ; On                 ; On                 ;
; Perform WYSIWYG Primitive Resynthesis                                      ; Off                ; Off                ;
; Auto ROM Replacement                                                       ; On                 ; On                 ;
; Auto RAM Replacement                                                       ; On                 ; On                 ;
; Auto Shift Register Replacement                                            ; Auto               ; Auto               ;
; Allow Shift Register Merging across Hierarchies                            ; Auto               ; Auto               ;
; Auto Clock Enable Replacement                                              ; On                 ; On                 ;
; Strict RAM Replacement                                                     ; Off                ; Off                ;
; Allow Synchronous Control Signals                                          ; On                 ; On                 ;
; Force Use of Synchronous Clear Signals                                     ; Off                ; Off                ;
; Auto RAM to Logic Cell Conversion                                          ; Off                ; Off                ;
; Auto Resource Sharing                                                      ; Off                ; Off                ;
; Allow Any RAM Size For Recognition                                         ; Off                ; Off                ;
; Allow Any ROM Size For Recognition                                         ; Off                ; Off                ;
; Allow Any Shift Register Size For Recognition                              ; Off                ; Off                ;
; Use LogicLock Constraints during Resource Balancing                        ; On                 ; On                 ;
; Ignore translate_off and synthesis_off directives                          ; Off                ; Off                ;
; Timing-Driven Synthesis                                                    ; Off                ; Off                ;
; Report Parameter Settings                                                  ; On                 ; On                 ;
; Report Source Assignments                                                  ; On                 ; On                 ;
; Report Connectivity Checks                                                 ; On                 ; On                 ;
; Ignore Maximum Fan-Out Assignments                                         ; Off                ; Off                ;
; Synchronization Register Chain Length                                      ; 2                  ; 2                  ;
; PowerPlay Power Optimization                                               ; Normal compilation ; Normal compilation ;
; HDL message level                                                          ; Level2             ; Level2             ;
; Suppress Register Optimization Related Messages                            ; Off                ; Off                ;
; Number of Removed Registers Reported in Synthesis Report                   ; 5000               ; 5000               ;
; Number of Swept Nodes Reported in Synthesis Report                         ; 5000               ; 5000               ;
; Number of Inverted Registers Reported in Synthesis Report                  ; 100                ; 100                ;
; Clock MUX Protection                                                       ; On                 ; On                 ;
; Auto Gated Clock Conversion                                                ; Off                ; Off                ;
; Block Design Naming                                                        ; Auto               ; Auto               ;
; SDC constraint protection                                                  ; Off                ; Off                ;
; Synthesis Effort                                                           ; Auto               ; Auto               ;
; Shift Register Replacement - Allow Asynchronous Clear Signal               ; On                 ; On                 ;
; Pre-Mapping Resynthesis Optimization                                       ; Off                ; Off                ;
; Analysis & Synthesis Message Level                                         ; Medium             ; Medium             ;
; Disable Register Merging Across Hierarchies                                ; Auto               ; Auto               ;
; Resource Aware Inference For Block RAM                                     ; On                 ; On                 ;
; Synthesis Seed                                                             ; 1                  ; 1                  ;
+----------------------------------------------------------------------------+--------------------+--------------------+


Parallel compilation was disabled, but you have multiple processors available. Enable parallel compilation to reduce compilation time.
+-------------------------------------+
; Parallel Compilation                ;
+----------------------------+--------+
; Processors                 ; Number ;
+----------------------------+--------+
; Number detected on machine ; 4      ;
; Maximum allowed            ; 1      ;
+----------------------------+--------+


+--------------------------------------------------------------------------------------------------------------------------------------------------------------------------------------------------+
; Analysis & Synthesis Source Files Read                                                                                                                                                           ;
+----------------------------------+-----------------+------------------------+----------------------------------------------------------------------------------------------------------+---------+
; File Name with User-Entered Path ; Used in Netlist ; File Type              ; File Name with Absolute Path                                                                             ; Library ;
+----------------------------------+-----------------+------------------------+----------------------------------------------------------------------------------------------------------+---------+
; Snooping.v                       ; yes             ; User Verilog HDL File  ; C:/Users/Daniel.BATCOMPUTER/Desktop/Pratica4_DanielSantana_IsaqueFernando/Parte_2/Snooping/Snooping.v    ;         ;
; Mesi.v                           ; yes             ; User Verilog HDL File  ; C:/Users/Daniel.BATCOMPUTER/Desktop/Pratica4_DanielSantana_IsaqueFernando/Parte_2/Snooping/Mesi.v        ;         ;
; CPU.v                            ; yes             ; User Verilog HDL File  ; C:/Users/Daniel.BATCOMPUTER/Desktop/Pratica4_DanielSantana_IsaqueFernando/Parte_2/Snooping/CPU.v         ;         ;
; Bus_arbiter.v                    ; yes             ; User Verilog HDL File  ; C:/Users/Daniel.BATCOMPUTER/Desktop/Pratica4_DanielSantana_IsaqueFernando/Parte_2/Snooping/Bus_arbiter.v ;         ;
+----------------------------------+-----------------+------------------------+----------------------------------------------------------------------------------------------------------+---------+


+-----------------------------------------------------+
; Analysis & Synthesis Resource Usage Summary         ;
+---------------------------------------------+-------+
; Resource                                    ; Usage ;
+---------------------------------------------+-------+
;                                             ;       ;
; Total combinational functions               ; 0     ;
; Logic element usage by number of LUT inputs ;       ;
;     -- 4 input functions                    ; 0     ;
;     -- 3 input functions                    ; 0     ;
;     -- <=2 input functions                  ; 0     ;
;                                             ;       ;
; Logic elements by mode                      ;       ;
;     -- normal mode                          ; 0     ;
;     -- arithmetic mode                      ; 0     ;
;                                             ;       ;
; Total registers                             ; 0     ;
;     -- Dedicated logic registers            ; 0     ;
;     -- I/O registers                        ; 0     ;
;                                             ;       ;
; I/O pins                                    ; 2     ;
; Embedded Multiplier 9-bit elements          ; 0     ;
+---------------------------------------------+-------+


+-----------------------------------------------------------------------------------------------------------------------------------------------------------------------------+
; Analysis & Synthesis Resource Utilization by Entity                                                                                                                         ;
+----------------------------+-------------------+--------------+-------------+--------------+---------+-----------+------+--------------+---------------------+--------------+
; Compilation Hierarchy Node ; LC Combinationals ; LC Registers ; Memory Bits ; DSP Elements ; DSP 9x9 ; DSP 18x18 ; Pins ; Virtual Pins ; Full Hierarchy Name ; Library Name ;
+----------------------------+-------------------+--------------+-------------+--------------+---------+-----------+------+--------------+---------------------+--------------+
; |Snooping                  ; 0 (0)             ; 0 (0)        ; 0           ; 0            ; 0       ; 0         ; 2    ; 0            ; |Snooping           ; work         ;
+----------------------------+-------------------+--------------+-------------+--------------+---------+-----------+------+--------------+---------------------+--------------+
Note: For table entries with two numbers listed, the numbers in parentheses indicate the number of resources of the given type used by the specific entity alone. The numbers listed outside of parentheses indicate the total resources of the given type used by the specific entity and all of its sub-entities in the hierarchy.


+------------------------------------------------------+
; General Register Statistics                          ;
+----------------------------------------------+-------+
; Statistic                                    ; Value ;
+----------------------------------------------+-------+
; Total registers                              ; 0     ;
; Number of registers using Synchronous Clear  ; 0     ;
; Number of registers using Synchronous Load   ; 0     ;
; Number of registers using Asynchronous Clear ; 0     ;
; Number of registers using Asynchronous Load  ; 0     ;
; Number of registers using Clock Enable       ; 0     ;
; Number of registers using Preset             ; 0     ;
+----------------------------------------------+-------+


+-----------------------------------------------------------------------------------------------------------------------------------------------------------------------------------------------------------------+
; Port Connectivity Checks: "CPU:cpu3"                                                                                                                                                                            ;
+---------+--------+----------+-----------------------------------------------------------------------------------------------------------------------------------------------------------------------------------+
; Port    ; Type   ; Severity ; Details                                                                                                                                                                           ;
+---------+--------+----------+-----------------------------------------------------------------------------------------------------------------------------------------------------------------------------------+
; instr   ; Input  ; Warning  ; Input port expression (10 bits) is wider than the input port (8 bits) it drives.  The 2 most-significant bit(s) in the expression will be dangling if they have no other fanouts. ;
; bus_out ; Output ; Warning  ; Output or bidir port (10 bits) is wider than the port expression (1 bits) it drives; bit(s) "bus_out[9..1]" have no fanouts                                                       ;
+---------+--------+----------+-----------------------------------------------------------------------------------------------------------------------------------------------------------------------------------+


+-----------------------------------------------------------------------------------------------------------------------------------------------------------------------------------------------------------------+
; Port Connectivity Checks: "CPU:cpu2"                                                                                                                                                                            ;
+---------+--------+----------+-----------------------------------------------------------------------------------------------------------------------------------------------------------------------------------+
; Port    ; Type   ; Severity ; Details                                                                                                                                                                           ;
+---------+--------+----------+-----------------------------------------------------------------------------------------------------------------------------------------------------------------------------------+
; instr   ; Input  ; Warning  ; Input port expression (10 bits) is wider than the input port (8 bits) it drives.  The 2 most-significant bit(s) in the expression will be dangling if they have no other fanouts. ;
; bus_out ; Output ; Warning  ; Output or bidir port (10 bits) is wider than the port expression (1 bits) it drives; bit(s) "bus_out[9..1]" have no fanouts                                                       ;
+---------+--------+----------+-----------------------------------------------------------------------------------------------------------------------------------------------------------------------------------+


+----------------------------------------------------------------------------------------------------------------------------------------------------------+
; Port Connectivity Checks: "CPU:cpu1|Mesi:m_e"                                                                                                            ;
+---------+--------+----------+----------------------------------------------------------------------------------------------------------------------------+
; Port    ; Type   ; Severity ; Details                                                                                                                    ;
+---------+--------+----------+----------------------------------------------------------------------------------------------------------------------------+
; CPU[0]  ; Input  ; Info     ; Stuck at GND                                                                                                               ;
; Bus_out ; Output ; Warning  ; Output or bidir port (2 bits) is wider than the port expression (1 bits) it drives; bit(s) "Bus_out[1..1]" have no fanouts ;
; Bus_out ; Output ; Info     ; Connected to dangling logic. Logic that only feeds a dangling port will be removed.                                        ;
; Mem_out ; Output ; Warning  ; Output or bidir port (2 bits) is wider than the port expression (1 bits) it drives; bit(s) "Mem_out[1..1]" have no fanouts ;
; Mem_out ; Output ; Info     ; Connected to dangling logic. Logic that only feeds a dangling port will be removed.                                        ;
; est_fut ; Output ; Warning  ; Output or bidir port (2 bits) is wider than the port expression (1 bits) it drives; bit(s) "est_fut[1..1]" have no fanouts ;
; est_fut ; Output ; Info     ; Connected to dangling logic. Logic that only feeds a dangling port will be removed.                                        ;
+---------+--------+----------+----------------------------------------------------------------------------------------------------------------------------+


+-----------------------------------------------------------------------------------------------------------------------------------------------------------------------------------------------------------------+
; Port Connectivity Checks: "CPU:cpu1"                                                                                                                                                                            ;
+---------+--------+----------+-----------------------------------------------------------------------------------------------------------------------------------------------------------------------------------+
; Port    ; Type   ; Severity ; Details                                                                                                                                                                           ;
+---------+--------+----------+-----------------------------------------------------------------------------------------------------------------------------------------------------------------------------------+
; instr   ; Input  ; Warning  ; Input port expression (10 bits) is wider than the input port (8 bits) it drives.  The 2 most-significant bit(s) in the expression will be dangling if they have no other fanouts. ;
; bus_out ; Output ; Warning  ; Output or bidir port (10 bits) is wider than the port expression (1 bits) it drives; bit(s) "bus_out[9..1]" have no fanouts                                                       ;
; bus_out ; Output ; Info     ; Connected to dangling logic. Logic that only feeds a dangling port will be removed.                                                                                               ;
+---------+--------+----------+-----------------------------------------------------------------------------------------------------------------------------------------------------------------------------------+


+-------------------------------+
; Elapsed Time Per Partition    ;
+----------------+--------------+
; Partition Name ; Elapsed Time ;
+----------------+--------------+
; Top            ; 00:00:00     ;
+----------------+--------------+


+-------------------------------+
; Analysis & Synthesis Messages ;
+-------------------------------+
Info: *******************************************************************
Info: Running Quartus II 64-Bit Analysis & Synthesis
    Info: Version 13.0.1 Build 232 06/12/2013 Service Pack 1 SJ Web Edition
    Info: Processing started: Wed Dec 05 18:01:17 2018
Info: Command: quartus_map --read_settings_files=on --write_settings_files=off Snooping -c Snooping
Warning (20028): Parallel compilation is not licensed and has been disabled
Info (12021): Found 1 design units, including 1 entities, in source file snooping.v
    Info (12023): Found entity 1: Snooping
Info (12021): Found 1 design units, including 1 entities, in source file mesi.v
    Info (12023): Found entity 1: Mesi
Info (12021): Found 1 design units, including 1 entities, in source file cpu.v
    Info (12023): Found entity 1: CPU
Info (12021): Found 1 design units, including 1 entities, in source file bus_arbiter.v
    Info (12023): Found entity 1: Bus_arbiter
Warning (10236): Verilog HDL Implicit Net warning at Snooping.v(127): created implicit net for "bus_out"
Info (12127): Elaborating entity "Snooping" for the top level hierarchy
Warning (10230): Verilog HDL assignment warning at Snooping.v(31): truncated value with size 2 to match size of target (1)
Warning (10230): Verilog HDL assignment warning at Snooping.v(50): truncated value with size 32 to match size of target (5)
Warning (10230): Verilog HDL assignment warning at Snooping.v(51): truncated value with size 32 to match size of target (3)
Warning (10230): Verilog HDL assignment warning at Snooping.v(72): truncated value with size 32 to match size of target (3)
Warning (10230): Verilog HDL assignment warning at Snooping.v(77): truncated value with size 32 to match size of target (3)
Warning (10230): Verilog HDL assignment warning at Snooping.v(96): truncated value with size 32 to match size of target (3)
Warning (10030): Net "instrucao[31..10]" at Snooping.v(18) has no driver or initial value, using a default initial value '0'
Info (10041): Inferred latch for "instrucao[0][0]" at Snooping.v(22)
Info (10041): Inferred latch for "instrucao[0][1]" at Snooping.v(22)
Info (10041): Inferred latch for "instrucao[0][2]" at Snooping.v(22)
Info (10041): Inferred latch for "instrucao[0][3]" at Snooping.v(22)
Info (10041): Inferred latch for "instrucao[0][4]" at Snooping.v(22)
Info (10041): Inferred latch for "instrucao[0][5]" at Snooping.v(22)
Info (10041): Inferred latch for "instrucao[0][6]" at Snooping.v(22)
Info (10041): Inferred latch for "instrucao[0][7]" at Snooping.v(22)
Info (10041): Inferred latch for "instrucao[0][8]" at Snooping.v(22)
Info (10041): Inferred latch for "instrucao[0][9]" at Snooping.v(22)
Info (10041): Inferred latch for "instrucao[1][0]" at Snooping.v(22)
Info (10041): Inferred latch for "instrucao[1][1]" at Snooping.v(22)
Info (10041): Inferred latch for "instrucao[1][2]" at Snooping.v(22)
Info (10041): Inferred latch for "instrucao[1][3]" at Snooping.v(22)
Info (10041): Inferred latch for "instrucao[1][4]" at Snooping.v(22)
Info (10041): Inferred latch for "instrucao[1][5]" at Snooping.v(22)
Info (10041): Inferred latch for "instrucao[1][6]" at Snooping.v(22)
Info (10041): Inferred latch for "instrucao[1][7]" at Snooping.v(22)
Info (10041): Inferred latch for "instrucao[1][8]" at Snooping.v(22)
Info (10041): Inferred latch for "instrucao[1][9]" at Snooping.v(22)
Info (10041): Inferred latch for "instrucao[2][0]" at Snooping.v(22)
Info (10041): Inferred latch for "instrucao[2][1]" at Snooping.v(22)
Info (10041): Inferred latch for "instrucao[2][2]" at Snooping.v(22)
Info (10041): Inferred latch for "instrucao[2][3]" at Snooping.v(22)
Info (10041): Inferred latch for "instrucao[2][4]" at Snooping.v(22)
Info (10041): Inferred latch for "instrucao[2][5]" at Snooping.v(22)
Info (10041): Inferred latch for "instrucao[2][6]" at Snooping.v(22)
Info (10041): Inferred latch for "instrucao[2][7]" at Snooping.v(22)
Info (10041): Inferred latch for "instrucao[2][8]" at Snooping.v(22)
Info (10041): Inferred latch for "instrucao[2][9]" at Snooping.v(22)
Info (10041): Inferred latch for "instrucao[3][0]" at Snooping.v(22)
Info (10041): Inferred latch for "instrucao[3][1]" at Snooping.v(22)
Info (10041): Inferred latch for "instrucao[3][2]" at Snooping.v(22)
Info (10041): Inferred latch for "instrucao[3][3]" at Snooping.v(22)
Info (10041): Inferred latch for "instrucao[3][4]" at Snooping.v(22)
Info (10041): Inferred latch for "instrucao[3][5]" at Snooping.v(22)
Info (10041): Inferred latch for "instrucao[3][6]" at Snooping.v(22)
Info (10041): Inferred latch for "instrucao[3][7]" at Snooping.v(22)
Info (10041): Inferred latch for "instrucao[3][8]" at Snooping.v(22)
Info (10041): Inferred latch for "instrucao[3][9]" at Snooping.v(22)
Info (10041): Inferred latch for "instrucao[4][0]" at Snooping.v(22)
Info (10041): Inferred latch for "instrucao[4][1]" at Snooping.v(22)
Info (10041): Inferred latch for "instrucao[4][2]" at Snooping.v(22)
Info (10041): Inferred latch for "instrucao[4][3]" at Snooping.v(22)
Info (10041): Inferred latch for "instrucao[4][4]" at Snooping.v(22)
Info (10041): Inferred latch for "instrucao[4][5]" at Snooping.v(22)
Info (10041): Inferred latch for "instrucao[4][6]" at Snooping.v(22)
Info (10041): Inferred latch for "instrucao[4][7]" at Snooping.v(22)
Info (10041): Inferred latch for "instrucao[4][8]" at Snooping.v(22)
Info (10041): Inferred latch for "instrucao[4][9]" at Snooping.v(22)
Info (10041): Inferred latch for "instrucao[5][0]" at Snooping.v(22)
Info (10041): Inferred latch for "instrucao[5][1]" at Snooping.v(22)
Info (10041): Inferred latch for "instrucao[5][2]" at Snooping.v(22)
Info (10041): Inferred latch for "instrucao[5][3]" at Snooping.v(22)
Info (10041): Inferred latch for "instrucao[5][4]" at Snooping.v(22)
Info (10041): Inferred latch for "instrucao[5][5]" at Snooping.v(22)
Info (10041): Inferred latch for "instrucao[5][6]" at Snooping.v(22)
Info (10041): Inferred latch for "instrucao[5][7]" at Snooping.v(22)
Info (10041): Inferred latch for "instrucao[5][8]" at Snooping.v(22)
Info (10041): Inferred latch for "instrucao[5][9]" at Snooping.v(22)
Info (10041): Inferred latch for "instrucao[6][0]" at Snooping.v(22)
Info (10041): Inferred latch for "instrucao[6][1]" at Snooping.v(22)
Info (10041): Inferred latch for "instrucao[6][2]" at Snooping.v(22)
Info (10041): Inferred latch for "instrucao[6][3]" at Snooping.v(22)
Info (10041): Inferred latch for "instrucao[6][4]" at Snooping.v(22)
Info (10041): Inferred latch for "instrucao[6][5]" at Snooping.v(22)
Info (10041): Inferred latch for "instrucao[6][6]" at Snooping.v(22)
Info (10041): Inferred latch for "instrucao[6][7]" at Snooping.v(22)
Info (10041): Inferred latch for "instrucao[6][8]" at Snooping.v(22)
Info (10041): Inferred latch for "instrucao[6][9]" at Snooping.v(22)
Info (10041): Inferred latch for "instrucao[7][0]" at Snooping.v(22)
Info (10041): Inferred latch for "instrucao[7][1]" at Snooping.v(22)
Info (10041): Inferred latch for "instrucao[7][2]" at Snooping.v(22)
Info (10041): Inferred latch for "instrucao[7][3]" at Snooping.v(22)
Info (10041): Inferred latch for "instrucao[7][4]" at Snooping.v(22)
Info (10041): Inferred latch for "instrucao[7][5]" at Snooping.v(22)
Info (10041): Inferred latch for "instrucao[7][6]" at Snooping.v(22)
Info (10041): Inferred latch for "instrucao[7][7]" at Snooping.v(22)
Info (10041): Inferred latch for "instrucao[7][8]" at Snooping.v(22)
Info (10041): Inferred latch for "instrucao[7][9]" at Snooping.v(22)
Info (10041): Inferred latch for "instrucao[8][0]" at Snooping.v(22)
Info (10041): Inferred latch for "instrucao[8][1]" at Snooping.v(22)
Info (10041): Inferred latch for "instrucao[8][2]" at Snooping.v(22)
Info (10041): Inferred latch for "instrucao[8][3]" at Snooping.v(22)
Info (10041): Inferred latch for "instrucao[8][4]" at Snooping.v(22)
Info (10041): Inferred latch for "instrucao[8][5]" at Snooping.v(22)
Info (10041): Inferred latch for "instrucao[8][6]" at Snooping.v(22)
Info (10041): Inferred latch for "instrucao[8][7]" at Snooping.v(22)
Info (10041): Inferred latch for "instrucao[8][8]" at Snooping.v(22)
Info (10041): Inferred latch for "instrucao[8][9]" at Snooping.v(22)
Info (10041): Inferred latch for "instrucao[9][0]" at Snooping.v(22)
Info (10041): Inferred latch for "instrucao[9][1]" at Snooping.v(22)
Info (10041): Inferred latch for "instrucao[9][2]" at Snooping.v(22)
Info (10041): Inferred latch for "instrucao[9][3]" at Snooping.v(22)
Info (10041): Inferred latch for "instrucao[9][4]" at Snooping.v(22)
Info (10041): Inferred latch for "instrucao[9][5]" at Snooping.v(22)
Info (10041): Inferred latch for "instrucao[9][6]" at Snooping.v(22)
Info (10041): Inferred latch for "instrucao[9][7]" at Snooping.v(22)
Info (10041): Inferred latch for "instrucao[9][8]" at Snooping.v(22)
Info (10041): Inferred latch for "instrucao[9][9]" at Snooping.v(22)
Info (12128): Elaborating entity "Bus_arbiter" for hierarchy "Bus_arbiter:juiz"
Info (12128): Elaborating entity "CPU" for hierarchy "CPU:cpu1"
Warning (10855): Verilog HDL warning at CPU.v(19): initial value for variable cache should be constant
Warning (10230): Verilog HDL assignment warning at CPU.v(94): truncated value with size 32 to match size of target (2)
Warning (10230): Verilog HDL assignment warning at CPU.v(96): truncated value with size 32 to match size of target (2)
Warning (10240): Verilog HDL Always Construct warning at CPU.v(23): inferring latch(es) for variable "bus_out", which holds its previous value in one or more paths through the always construct
Warning (10030): Net "cache[3][7..3]" at CPU.v(8) has no driver or initial value, using a default initial value '0'
Warning (10030): Net "cache[2][7..3]" at CPU.v(8) has no driver or initial value, using a default initial value '0'
Warning (10030): Net "cache[1][7..3]" at CPU.v(8) has no driver or initial value, using a default initial value '0'
Warning (10030): Net "cache[0][7..3]" at CPU.v(8) has no driver or initial value, using a default initial value '0'
Info (10041): Inferred latch for "bus_out[0]" at CPU.v(23)
Info (10041): Inferred latch for "bus_out[1]" at CPU.v(23)
Info (10041): Inferred latch for "bus_out[2]" at CPU.v(23)
Info (10041): Inferred latch for "bus_out[3]" at CPU.v(23)
Info (10041): Inferred latch for "bus_out[4]" at CPU.v(23)
Info (10041): Inferred latch for "bus_out[5]" at CPU.v(23)
Info (10041): Inferred latch for "bus_out[6]" at CPU.v(23)
Info (10041): Inferred latch for "bus_out[7]" at CPU.v(23)
Info (10041): Inferred latch for "bus_out[8]" at CPU.v(23)
Info (10041): Inferred latch for "bus_out[9]" at CPU.v(23)
Info (12128): Elaborating entity "Mesi" for hierarchy "CPU:cpu1|Mesi:m_e"
Warning (12030): Port "ordered port 5" on the entity instantiation of "m_e" is connected to a signal of width 1. The formal width of the signal in the module is 2.  The extra bits will be left dangling without any fan-out logic.
Warning (12030): Port "ordered port 6" on the entity instantiation of "m_e" is connected to a signal of width 1. The formal width of the signal in the module is 2.  The extra bits will be left dangling without any fan-out logic.
Warning (12030): Port "ordered port 7" on the entity instantiation of "m_e" is connected to a signal of width 1. The formal width of the signal in the module is 2.  The extra bits will be left dangling without any fan-out logic.
Warning (12030): Port "ordered port 5" on the entity instantiation of "m_e" is connected to a signal of width 1. The formal width of the signal in the module is 2.  The extra bits will be left dangling without any fan-out logic.
Warning (12030): Port "ordered port 6" on the entity instantiation of "m_e" is connected to a signal of width 1. The formal width of the signal in the module is 2.  The extra bits will be left dangling without any fan-out logic.
Warning (12030): Port "ordered port 7" on the entity instantiation of "m_e" is connected to a signal of width 1. The formal width of the signal in the module is 2.  The extra bits will be left dangling without any fan-out logic.
Warning (12241): 4 hierarchies have connectivity warnings - see the Connectivity Checks report folder
Info (144001): Generated suppressed messages file C:/Users/Daniel.BATCOMPUTER/Desktop/Pratica4_DanielSantana_IsaqueFernando/Parte_2/Snooping/output_files/Snooping.map.smsg
Info (16010): Generating hard_block partition "hard_block:auto_generated_inst"
    Info (16011): Adding 0 node(s), including 0 DDIO, 0 PLL, 0 transceiver and 0 LCELL
Warning (21074): Design contains 2 input pin(s) that do not drive logic
    Warning (15610): No output dependent on input pin "clock"
    Warning (15610): No output dependent on input pin "clear"
Info (21057): Implemented 2 device resources after synthesis - the final resource count might be different
    Info (21058): Implemented 2 input pins
    Info (21059): Implemented 0 output pins
Info: Quartus II 64-Bit Analysis & Synthesis was successful. 0 errors, 27 warnings
    Info: Peak virtual memory: 4619 megabytes
    Info: Processing ended: Wed Dec 05 18:01:19 2018
    Info: Elapsed time: 00:00:02
    Info: Total CPU time (on all processors): 00:00:01


+------------------------------------------+
; Analysis & Synthesis Suppressed Messages ;
+------------------------------------------+
The suppressed messages can be found in C:/Users/Daniel.BATCOMPUTER/Desktop/Pratica4_DanielSantana_IsaqueFernando/Parte_2/Snooping/output_files/Snooping.map.smsg.


