Analysis & Synthesis report for Snooping
Fri Dec 07 11:28:47 2018
Quartus II 64-Bit Version 13.0.1 Build 232 06/12/2013 Service Pack 1 SJ Web Edition


---------------------
; Table of Contents ;
---------------------
  1. Legal Notice
  2. Analysis & Synthesis Summary
  3. Analysis & Synthesis Settings
  4. Parallel Compilation
  5. Analysis & Synthesis Source Files Read
  6. Analysis & Synthesis Resource Usage Summary
  7. Analysis & Synthesis Resource Utilization by Entity
  8. State Machine - |Snooping|passo
  9. State Machine - |Snooping|Cpu3:cpu3|passo
 10. State Machine - |Snooping|Cpu2:cpu2|passo
 11. State Machine - |Snooping|Cpu1:cpu1|passo
 12. Registers Removed During Synthesis
 13. Removed Registers Triggering Further Register Optimizations
 14. General Register Statistics
 15. Multiplexer Restructuring Statistics (Restructuring Performed)
 16. Port Connectivity Checks: "Cpu3:cpu3"
 17. Port Connectivity Checks: "Cpu2:cpu2"
 18. Port Connectivity Checks: "Cpu1:cpu1"
 19. Elapsed Time Per Partition
 20. Analysis & Synthesis Messages
 21. Analysis & Synthesis Suppressed Messages



----------------
; Legal Notice ;
----------------
Copyright (C) 1991-2013 Altera Corporation
Your use of Altera Corporation's design tools, logic functions 
and other software and tools, and its AMPP partner logic 
functions, and any output files from any of the foregoing 
(including device programming or simulation files), and any 
associated documentation or information are expressly subject 
to the terms and conditions of the Altera Program License 
Subscription Agreement, Altera MegaCore Function License 
Agreement, or other applicable license agreement, including, 
without limitation, that your use is for the sole purpose of 
programming logic devices manufactured by Altera and sold by 
Altera or its authorized distributors.  Please refer to the 
applicable agreement for further details.



+--------------------------------------------------------------------------------------+
; Analysis & Synthesis Summary                                                         ;
+------------------------------------+-------------------------------------------------+
; Analysis & Synthesis Status        ; Successful - Fri Dec 07 11:28:47 2018           ;
; Quartus II 64-Bit Version          ; 13.0.1 Build 232 06/12/2013 SP 1 SJ Web Edition ;
; Revision Name                      ; Snooping                                        ;
; Top-level Entity Name              ; Snooping                                        ;
; Family                             ; Cyclone IV GX                                   ;
; Total logic elements               ; 0                                               ;
;     Total combinational functions  ; 0                                               ;
;     Dedicated logic registers      ; 0                                               ;
; Total registers                    ; 0                                               ;
; Total pins                         ; 2                                               ;
; Total virtual pins                 ; 0                                               ;
; Total memory bits                  ; 0                                               ;
; Embedded Multiplier 9-bit elements ; 0                                               ;
; Total GXB Receiver Channel PCS     ; 0                                               ;
; Total GXB Receiver Channel PMA     ; 0                                               ;
; Total GXB Transmitter Channel PCS  ; 0                                               ;
; Total GXB Transmitter Channel PMA  ; 0                                               ;
; Total PLLs                         ; 0                                               ;
+------------------------------------+-------------------------------------------------+


+----------------------------------------------------------------------------------------------------------------------+
; Analysis & Synthesis Settings                                                                                        ;
+----------------------------------------------------------------------------+--------------------+--------------------+
; Option                                                                     ; Setting            ; Default Value      ;
+----------------------------------------------------------------------------+--------------------+--------------------+
; Top-level entity name                                                      ; Snooping           ; Snooping           ;
; Family name                                                                ; Cyclone IV GX      ; Cyclone IV GX      ;
; Use smart compilation                                                      ; Off                ; Off                ;
; Enable parallel Assembler and TimeQuest Timing Analyzer during compilation ; On                 ; On                 ;
; Enable compact report table                                                ; Off                ; Off                ;
; Restructure Multiplexers                                                   ; Auto               ; Auto               ;
; Create Debugging Nodes for IP Cores                                        ; Off                ; Off                ;
; Preserve fewer node names                                                  ; On                 ; On                 ;
; Disable OpenCore Plus hardware evaluation                                  ; Off                ; Off                ;
; Verilog Version                                                            ; Verilog_2001       ; Verilog_2001       ;
; VHDL Version                                                               ; VHDL_1993          ; VHDL_1993          ;
; State Machine Processing                                                   ; Auto               ; Auto               ;
; Safe State Machine                                                         ; Off                ; Off                ;
; Extract Verilog State Machines                                             ; On                 ; On                 ;
; Extract VHDL State Machines                                                ; On                 ; On                 ;
; Ignore Verilog initial constructs                                          ; Off                ; Off                ;
; Iteration limit for constant Verilog loops                                 ; 5000               ; 5000               ;
; Iteration limit for non-constant Verilog loops                             ; 250                ; 250                ;
; Add Pass-Through Logic to Inferred RAMs                                    ; On                 ; On                 ;
; Infer RAMs from Raw Logic                                                  ; On                 ; On                 ;
; Parallel Synthesis                                                         ; On                 ; On                 ;
; DSP Block Balancing                                                        ; Auto               ; Auto               ;
; NOT Gate Push-Back                                                         ; On                 ; On                 ;
; Power-Up Don't Care                                                        ; On                 ; On                 ;
; Remove Redundant Logic Cells                                               ; Off                ; Off                ;
; Remove Duplicate Registers                                                 ; On                 ; On                 ;
; Ignore CARRY Buffers                                                       ; Off                ; Off                ;
; Ignore CASCADE Buffers                                                     ; Off                ; Off                ;
; Ignore GLOBAL Buffers                                                      ; Off                ; Off                ;
; Ignore ROW GLOBAL Buffers                                                  ; Off                ; Off                ;
; Ignore LCELL Buffers                                                       ; Off                ; Off                ;
; Ignore SOFT Buffers                                                        ; On                 ; On                 ;
; Limit AHDL Integers to 32 Bits                                             ; Off                ; Off                ;
; Optimization Technique                                                     ; Balanced           ; Balanced           ;
; Carry Chain Length                                                         ; 70                 ; 70                 ;
; Auto Carry Chains                                                          ; On                 ; On                 ;
; Auto Open-Drain Pins                                                       ; On                 ; On                 ;
; Perform WYSIWYG Primitive Resynthesis                                      ; Off                ; Off                ;
; Auto ROM Replacement                                                       ; On                 ; On                 ;
; Auto RAM Replacement                                                       ; On                 ; On                 ;
; Auto DSP Block Replacement                                                 ; On                 ; On                 ;
; Auto Shift Register Replacement                                            ; Auto               ; Auto               ;
; Allow Shift Register Merging across Hierarchies                            ; Auto               ; Auto               ;
; Auto Clock Enable Replacement                                              ; On                 ; On                 ;
; Strict RAM Replacement                                                     ; Off                ; Off                ;
; Allow Synchronous Control Signals                                          ; On                 ; On                 ;
; Force Use of Synchronous Clear Signals                                     ; Off                ; Off                ;
; Auto RAM Block Balancing                                                   ; On                 ; On                 ;
; Auto RAM to Logic Cell Conversion                                          ; Off                ; Off                ;
; Auto Resource Sharing                                                      ; Off                ; Off                ;
; Allow Any RAM Size For Recognition                                         ; Off                ; Off                ;
; Allow Any ROM Size For Recognition                                         ; Off                ; Off                ;
; Allow Any Shift Register Size For Recognition                              ; Off                ; Off                ;
; Use LogicLock Constraints during Resource Balancing                        ; On                 ; On                 ;
; Ignore translate_off and synthesis_off directives                          ; Off                ; Off                ;
; Timing-Driven Synthesis                                                    ; On                 ; On                 ;
; Report Parameter Settings                                                  ; On                 ; On                 ;
; Report Source Assignments                                                  ; On                 ; On                 ;
; Report Connectivity Checks                                                 ; On                 ; On                 ;
; Ignore Maximum Fan-Out Assignments                                         ; Off                ; Off                ;
; Synchronization Register Chain Length                                      ; 2                  ; 2                  ;
; PowerPlay Power Optimization                                               ; Normal compilation ; Normal compilation ;
; HDL message level                                                          ; Level2             ; Level2             ;
; Suppress Register Optimization Related Messages                            ; Off                ; Off                ;
; Number of Removed Registers Reported in Synthesis Report                   ; 5000               ; 5000               ;
; Number of Swept Nodes Reported in Synthesis Report                         ; 5000               ; 5000               ;
; Number of Inverted Registers Reported in Synthesis Report                  ; 100                ; 100                ;
; Clock MUX Protection                                                       ; On                 ; On                 ;
; Auto Gated Clock Conversion                                                ; Off                ; Off                ;
; Block Design Naming                                                        ; Auto               ; Auto               ;
; SDC constraint protection                                                  ; Off                ; Off                ;
; Synthesis Effort                                                           ; Auto               ; Auto               ;
; Shift Register Replacement - Allow Asynchronous Clear Signal               ; On                 ; On                 ;
; Pre-Mapping Resynthesis Optimization                                       ; Off                ; Off                ;
; Analysis & Synthesis Message Level                                         ; Medium             ; Medium             ;
; Disable Register Merging Across Hierarchies                                ; Auto               ; Auto               ;
; Resource Aware Inference For Block RAM                                     ; On                 ; On                 ;
; Synthesis Seed                                                             ; 1                  ; 1                  ;
+----------------------------------------------------------------------------+--------------------+--------------------+


Parallel compilation was disabled, but you have multiple processors available. Enable parallel compilation to reduce compilation time.
+-------------------------------------+
; Parallel Compilation                ;
+----------------------------+--------+
; Processors                 ; Number ;
+----------------------------+--------+
; Number detected on machine ; 4      ;
; Maximum allowed            ; 1      ;
+----------------------------+--------+


+--------------------------------------------------------------------------------------------------------------------------------------------------------------------------------------------------+
; Analysis & Synthesis Source Files Read                                                                                                                                                           ;
+----------------------------------+-----------------+------------------------+----------------------------------------------------------------------------------------------------------+---------+
; File Name with User-Entered Path ; Used in Netlist ; File Type              ; File Name with Absolute Path                                                                             ; Library ;
+----------------------------------+-----------------+------------------------+----------------------------------------------------------------------------------------------------------+---------+
; Cpu3.v                           ; yes             ; User Verilog HDL File  ; C:/Users/Daniel.BATCOMPUTER/Desktop/Pratica4_DanielSantana_IsaqueFernando/Parte_2/Snooping/Cpu3.v        ;         ;
; Cpu2.v                           ; yes             ; User Verilog HDL File  ; C:/Users/Daniel.BATCOMPUTER/Desktop/Pratica4_DanielSantana_IsaqueFernando/Parte_2/Snooping/Cpu2.v        ;         ;
; Cpu1.v                           ; yes             ; User Verilog HDL File  ; C:/Users/Daniel.BATCOMPUTER/Desktop/Pratica4_DanielSantana_IsaqueFernando/Parte_2/Snooping/Cpu1.v        ;         ;
; Snooping.v                       ; yes             ; User Verilog HDL File  ; C:/Users/Daniel.BATCOMPUTER/Desktop/Pratica4_DanielSantana_IsaqueFernando/Parte_2/Snooping/Snooping.v    ;         ;
; Mesi.v                           ; yes             ; User Verilog HDL File  ; C:/Users/Daniel.BATCOMPUTER/Desktop/Pratica4_DanielSantana_IsaqueFernando/Parte_2/Snooping/Mesi.v        ;         ;
; Bus_arbiter.v                    ; yes             ; User Verilog HDL File  ; C:/Users/Daniel.BATCOMPUTER/Desktop/Pratica4_DanielSantana_IsaqueFernando/Parte_2/Snooping/Bus_arbiter.v ;         ;
+----------------------------------+-----------------+------------------------+----------------------------------------------------------------------------------------------------------+---------+


+---------------------------------------------+
; Analysis & Synthesis Resource Usage Summary ;
+--------------------------+------------------+
; Resource                 ; Usage            ;
+--------------------------+------------------+
; I/O pins                 ; 2                ;
; DSP block 9-bit elements ; 0                ;
; Maximum fan-out node     ; clock            ;
; Maximum fan-out          ; 1                ;
; Total fan-out            ; 2                ;
; Average fan-out          ; 0.50             ;
+--------------------------+------------------+


+-----------------------------------------------------------------------------------------------------------------------------------------------------------------------------------------+
; Analysis & Synthesis Resource Utilization by Entity                                                                                                                                     ;
+----------------------------+-------------------+--------------+-------------+--------------+---------+-----------+-----------+------+--------------+---------------------+--------------+
; Compilation Hierarchy Node ; LC Combinationals ; LC Registers ; Memory Bits ; DSP Elements ; DSP 9x9 ; DSP 18x18 ; DSP 36x36 ; Pins ; Virtual Pins ; Full Hierarchy Name ; Library Name ;
+----------------------------+-------------------+--------------+-------------+--------------+---------+-----------+-----------+------+--------------+---------------------+--------------+
; |Snooping                  ; 0 (0)             ; 0 (0)        ; 0           ; 0            ; 0       ; 0         ; 0         ; 2    ; 0            ; |Snooping           ; work         ;
+----------------------------+-------------------+--------------+-------------+--------------+---------+-----------+-----------+------+--------------+---------------------+--------------+
Note: For table entries with two numbers listed, the numbers in parentheses indicate the number of resources of the given type used by the specific entity alone. The numbers listed outside of parentheses indicate the total resources of the given type used by the specific entity and all of its sub-entities in the hierarchy.


Encoding Type:  One-Hot
+-----------------------------------------------------------------------------------------------------------------------------------------------------------------------------------------------------------------------------------------------------------+
; State Machine - |Snooping|passo                                                                                                                                                                                                                           ;
+-------------+-------------+-------------+-------------+-------------+-------------+-------------+-------------+-------------+-------------+-------------+-------------+-------------+-------------+-------------+-------------+-------------+-------------+
; Name        ; passo.01111 ; passo.01110 ; passo.01101 ; passo.01100 ; passo.01011 ; passo.01010 ; passo.01001 ; passo.01000 ; passo.00111 ; passo.00110 ; passo.00101 ; passo.00100 ; passo.00011 ; passo.00010 ; passo.00001 ; passo.00000 ; passo.10000 ;
+-------------+-------------+-------------+-------------+-------------+-------------+-------------+-------------+-------------+-------------+-------------+-------------+-------------+-------------+-------------+-------------+-------------+-------------+
; passo.00000 ; 0           ; 0           ; 0           ; 0           ; 0           ; 0           ; 0           ; 0           ; 0           ; 0           ; 0           ; 0           ; 0           ; 0           ; 0           ; 0           ; 0           ;
; passo.00001 ; 0           ; 0           ; 0           ; 0           ; 0           ; 0           ; 0           ; 0           ; 0           ; 0           ; 0           ; 0           ; 0           ; 0           ; 1           ; 1           ; 0           ;
; passo.00010 ; 0           ; 0           ; 0           ; 0           ; 0           ; 0           ; 0           ; 0           ; 0           ; 0           ; 0           ; 0           ; 0           ; 1           ; 0           ; 1           ; 0           ;
; passo.00011 ; 0           ; 0           ; 0           ; 0           ; 0           ; 0           ; 0           ; 0           ; 0           ; 0           ; 0           ; 0           ; 1           ; 0           ; 0           ; 1           ; 0           ;
; passo.00100 ; 0           ; 0           ; 0           ; 0           ; 0           ; 0           ; 0           ; 0           ; 0           ; 0           ; 0           ; 1           ; 0           ; 0           ; 0           ; 1           ; 0           ;
; passo.00101 ; 0           ; 0           ; 0           ; 0           ; 0           ; 0           ; 0           ; 0           ; 0           ; 0           ; 1           ; 0           ; 0           ; 0           ; 0           ; 1           ; 0           ;
; passo.00110 ; 0           ; 0           ; 0           ; 0           ; 0           ; 0           ; 0           ; 0           ; 0           ; 1           ; 0           ; 0           ; 0           ; 0           ; 0           ; 1           ; 0           ;
; passo.00111 ; 0           ; 0           ; 0           ; 0           ; 0           ; 0           ; 0           ; 0           ; 1           ; 0           ; 0           ; 0           ; 0           ; 0           ; 0           ; 1           ; 0           ;
; passo.01000 ; 0           ; 0           ; 0           ; 0           ; 0           ; 0           ; 0           ; 1           ; 0           ; 0           ; 0           ; 0           ; 0           ; 0           ; 0           ; 1           ; 0           ;
; passo.01001 ; 0           ; 0           ; 0           ; 0           ; 0           ; 0           ; 1           ; 0           ; 0           ; 0           ; 0           ; 0           ; 0           ; 0           ; 0           ; 1           ; 0           ;
; passo.01010 ; 0           ; 0           ; 0           ; 0           ; 0           ; 1           ; 0           ; 0           ; 0           ; 0           ; 0           ; 0           ; 0           ; 0           ; 0           ; 1           ; 0           ;
; passo.01011 ; 0           ; 0           ; 0           ; 0           ; 1           ; 0           ; 0           ; 0           ; 0           ; 0           ; 0           ; 0           ; 0           ; 0           ; 0           ; 1           ; 0           ;
; passo.01100 ; 0           ; 0           ; 0           ; 1           ; 0           ; 0           ; 0           ; 0           ; 0           ; 0           ; 0           ; 0           ; 0           ; 0           ; 0           ; 1           ; 0           ;
; passo.01101 ; 0           ; 0           ; 1           ; 0           ; 0           ; 0           ; 0           ; 0           ; 0           ; 0           ; 0           ; 0           ; 0           ; 0           ; 0           ; 1           ; 0           ;
; passo.01110 ; 0           ; 1           ; 0           ; 0           ; 0           ; 0           ; 0           ; 0           ; 0           ; 0           ; 0           ; 0           ; 0           ; 0           ; 0           ; 1           ; 0           ;
; passo.01111 ; 1           ; 0           ; 0           ; 0           ; 0           ; 0           ; 0           ; 0           ; 0           ; 0           ; 0           ; 0           ; 0           ; 0           ; 0           ; 1           ; 0           ;
; passo.10000 ; 0           ; 0           ; 0           ; 0           ; 0           ; 0           ; 0           ; 0           ; 0           ; 0           ; 0           ; 0           ; 0           ; 0           ; 0           ; 1           ; 1           ;
+-------------+-------------+-------------+-------------+-------------+-------------+-------------+-------------+-------------+-------------+-------------+-------------+-------------+-------------+-------------+-------------+-------------+-------------+


Encoding Type:  One-Hot
+-----------------------------------------------------------------------------------------------+
; State Machine - |Snooping|Cpu3:cpu3|passo                                                     ;
+-----------+-----------+-----------+-----------+-----------+-----------+-----------+-----------+
; Name      ; passo.110 ; passo.101 ; passo.100 ; passo.011 ; passo.010 ; passo.001 ; passo.000 ;
+-----------+-----------+-----------+-----------+-----------+-----------+-----------+-----------+
; passo.000 ; 0         ; 0         ; 0         ; 0         ; 0         ; 0         ; 0         ;
; passo.001 ; 0         ; 0         ; 0         ; 0         ; 0         ; 1         ; 1         ;
; passo.010 ; 0         ; 0         ; 0         ; 0         ; 1         ; 0         ; 1         ;
; passo.011 ; 0         ; 0         ; 0         ; 1         ; 0         ; 0         ; 1         ;
; passo.100 ; 0         ; 0         ; 1         ; 0         ; 0         ; 0         ; 1         ;
; passo.101 ; 0         ; 1         ; 0         ; 0         ; 0         ; 0         ; 1         ;
; passo.110 ; 1         ; 0         ; 0         ; 0         ; 0         ; 0         ; 1         ;
+-----------+-----------+-----------+-----------+-----------+-----------+-----------+-----------+


Encoding Type:  One-Hot
+-----------------------------------------------------------------------------------------------+
; State Machine - |Snooping|Cpu2:cpu2|passo                                                     ;
+-----------+-----------+-----------+-----------+-----------+-----------+-----------+-----------+
; Name      ; passo.110 ; passo.101 ; passo.100 ; passo.011 ; passo.010 ; passo.001 ; passo.000 ;
+-----------+-----------+-----------+-----------+-----------+-----------+-----------+-----------+
; passo.000 ; 0         ; 0         ; 0         ; 0         ; 0         ; 0         ; 0         ;
; passo.001 ; 0         ; 0         ; 0         ; 0         ; 0         ; 1         ; 1         ;
; passo.010 ; 0         ; 0         ; 0         ; 0         ; 1         ; 0         ; 1         ;
; passo.011 ; 0         ; 0         ; 0         ; 1         ; 0         ; 0         ; 1         ;
; passo.100 ; 0         ; 0         ; 1         ; 0         ; 0         ; 0         ; 1         ;
; passo.101 ; 0         ; 1         ; 0         ; 0         ; 0         ; 0         ; 1         ;
; passo.110 ; 1         ; 0         ; 0         ; 0         ; 0         ; 0         ; 1         ;
+-----------+-----------+-----------+-----------+-----------+-----------+-----------+-----------+


Encoding Type:  One-Hot
+-----------------------------------------------------------------------------------------------+
; State Machine - |Snooping|Cpu1:cpu1|passo                                                     ;
+-----------+-----------+-----------+-----------+-----------+-----------+-----------+-----------+
; Name      ; passo.110 ; passo.101 ; passo.100 ; passo.011 ; passo.010 ; passo.001 ; passo.000 ;
+-----------+-----------+-----------+-----------+-----------+-----------+-----------+-----------+
; passo.000 ; 0         ; 0         ; 0         ; 0         ; 0         ; 0         ; 0         ;
; passo.001 ; 0         ; 0         ; 0         ; 0         ; 0         ; 1         ; 1         ;
; passo.010 ; 0         ; 0         ; 0         ; 0         ; 1         ; 0         ; 1         ;
; passo.011 ; 0         ; 0         ; 0         ; 1         ; 0         ; 0         ; 1         ;
; passo.100 ; 0         ; 0         ; 1         ; 0         ; 0         ; 0         ; 1         ;
; passo.101 ; 0         ; 1         ; 0         ; 0         ; 0         ; 0         ; 1         ;
; passo.110 ; 1         ; 0         ; 0         ; 0         ; 0         ; 0         ; 1         ;
+-----------+-----------+-----------+-----------+-----------+-----------+-----------+-----------+


+----------------------------------------------------------------------------------+
; Registers Removed During Synthesis                                               ;
+-----------------------------------------+----------------------------------------+
; Register name                           ; Reason for Removal                     ;
+-----------------------------------------+----------------------------------------+
; inst[7]                                 ; Merged with inst[1]                    ;
; inst[3]                                 ; Stuck at GND due to stuck port data_in ;
; Cpu3:cpu3|cache[3][3]                   ; Lost fanout                            ;
; Cpu3:cpu3|cache[2][3]                   ; Lost fanout                            ;
; Cpu3:cpu3|cache[1][3]                   ; Lost fanout                            ;
; Cpu3:cpu3|cache[0][3]                   ; Lost fanout                            ;
; Cpu3:cpu3|pos[0,1]                      ; Lost fanout                            ;
; inst[4]                                 ; Lost fanout                            ;
; Cpu3:cpu3|cache[3][4]                   ; Lost fanout                            ;
; Cpu3:cpu3|cache[2][4]                   ; Lost fanout                            ;
; Cpu3:cpu3|cache[1][4]                   ; Lost fanout                            ;
; Cpu3:cpu3|cache[0][4]                   ; Lost fanout                            ;
; inst[5]                                 ; Lost fanout                            ;
; Cpu3:cpu3|cache[3][5]                   ; Lost fanout                            ;
; Cpu3:cpu3|cache[2][5]                   ; Lost fanout                            ;
; Cpu3:cpu3|cache[1][5]                   ; Lost fanout                            ;
; Cpu3:cpu3|cache[0][5]                   ; Lost fanout                            ;
; Cpu3:cpu3|cache[3][7]                   ; Lost fanout                            ;
; Cpu3:cpu3|cache[2][7]                   ; Lost fanout                            ;
; Cpu3:cpu3|cache[1][7]                   ; Lost fanout                            ;
; Cpu3:cpu3|cache[0][7]                   ; Lost fanout                            ;
; Cpu3:cpu3|cache[3][6]                   ; Lost fanout                            ;
; Cpu3:cpu3|cache[2][6]                   ; Lost fanout                            ;
; Cpu3:cpu3|cache[1][6]                   ; Lost fanout                            ;
; Cpu3:cpu3|cache[0][6]                   ; Lost fanout                            ;
; Cpu2:cpu2|cache[3][3]                   ; Lost fanout                            ;
; Cpu2:cpu2|cache[2][3]                   ; Lost fanout                            ;
; Cpu2:cpu2|cache[1][3]                   ; Lost fanout                            ;
; Cpu2:cpu2|cache[0][3]                   ; Lost fanout                            ;
; Cpu2:cpu2|pos[0,1]                      ; Lost fanout                            ;
; Cpu2:cpu2|cache[3][4]                   ; Lost fanout                            ;
; Cpu2:cpu2|cache[2][4]                   ; Lost fanout                            ;
; Cpu2:cpu2|cache[1][4]                   ; Lost fanout                            ;
; Cpu2:cpu2|cache[0][4]                   ; Lost fanout                            ;
; Cpu2:cpu2|cache[3][5]                   ; Lost fanout                            ;
; Cpu2:cpu2|cache[2][5]                   ; Lost fanout                            ;
; Cpu2:cpu2|cache[1][5]                   ; Lost fanout                            ;
; Cpu2:cpu2|cache[0][5]                   ; Lost fanout                            ;
; Cpu2:cpu2|cache[3][7]                   ; Lost fanout                            ;
; Cpu2:cpu2|cache[2][7]                   ; Lost fanout                            ;
; Cpu2:cpu2|cache[1][7]                   ; Lost fanout                            ;
; Cpu2:cpu2|cache[0][7]                   ; Lost fanout                            ;
; Cpu2:cpu2|cache[3][6]                   ; Lost fanout                            ;
; Cpu2:cpu2|cache[2][6]                   ; Lost fanout                            ;
; Cpu2:cpu2|cache[1][6]                   ; Lost fanout                            ;
; Cpu2:cpu2|cache[0][6]                   ; Lost fanout                            ;
; Cpu1:cpu1|cache[3][3]                   ; Lost fanout                            ;
; Cpu1:cpu1|cache[2][3]                   ; Lost fanout                            ;
; Cpu1:cpu1|cache[1][3]                   ; Lost fanout                            ;
; Cpu1:cpu1|cache[0][3]                   ; Lost fanout                            ;
; Cpu1:cpu1|pos[0,1]                      ; Lost fanout                            ;
; Cpu1:cpu1|cache[3][4]                   ; Lost fanout                            ;
; Cpu1:cpu1|cache[2][4]                   ; Lost fanout                            ;
; Cpu1:cpu1|cache[1][4]                   ; Lost fanout                            ;
; Cpu1:cpu1|cache[0][4]                   ; Lost fanout                            ;
; Cpu1:cpu1|cache[3][5]                   ; Lost fanout                            ;
; Cpu1:cpu1|cache[2][5]                   ; Lost fanout                            ;
; Cpu1:cpu1|cache[1][5]                   ; Lost fanout                            ;
; Cpu1:cpu1|cache[0][5]                   ; Lost fanout                            ;
; Cpu1:cpu1|cache[3][7]                   ; Lost fanout                            ;
; Cpu1:cpu1|cache[2][7]                   ; Lost fanout                            ;
; Cpu1:cpu1|cache[1][7]                   ; Lost fanout                            ;
; Cpu1:cpu1|cache[0][7]                   ; Lost fanout                            ;
; Cpu1:cpu1|cache[3][6]                   ; Lost fanout                            ;
; Cpu1:cpu1|cache[2][6]                   ; Lost fanout                            ;
; Cpu1:cpu1|cache[1][6]                   ; Lost fanout                            ;
; Cpu1:cpu1|cache[0][6]                   ; Lost fanout                            ;
; Cpu3:cpu3|acao[0,1]                     ; Lost fanout                            ;
; Bus_arbiter:juiz|bus[0..7]              ; Lost fanout                            ;
; Cpu3:cpu3|Mesi:m_e|est_fut[0,1]         ; Lost fanout                            ;
; Cpu2:cpu2|acao[0,1]                     ; Lost fanout                            ;
; Cpu2:cpu2|Mesi:m_e|est_fut[0,1]         ; Lost fanout                            ;
; Cpu1:cpu1|acao[0,1]                     ; Lost fanout                            ;
; Cpu1:cpu1|Mesi:m_e|est_fut[0,1]         ; Lost fanout                            ;
; bus_in[3]                               ; Lost fanout                            ;
; hab_bus                                 ; Lost fanout                            ;
; bus_in[0..2,4..7]                       ; Lost fanout                            ;
; Bus_arbiter:juiz|bus[8,9]               ; Lost fanout                            ;
; shared                                  ; Lost fanout                            ;
; Cpu3:cpu3|bus_out[3]                    ; Lost fanout                            ;
; Cpu2:cpu2|bus_out[3]                    ; Lost fanout                            ;
; Cpu1:cpu1|bus_out[3]                    ; Lost fanout                            ;
; Cpu2:cpu2|bus_out[6,7]                  ; Lost fanout                            ;
; Cpu1:cpu1|bus_out[6,7]                  ; Lost fanout                            ;
; Cpu3:cpu3|bus_out[4,6,7]                ; Lost fanout                            ;
; Cpu2:cpu2|bus_out[4]                    ; Lost fanout                            ;
; Cpu1:cpu1|bus_out[4]                    ; Lost fanout                            ;
; Cpu3:cpu3|bus_out[2]                    ; Lost fanout                            ;
; Cpu2:cpu2|bus_out[2]                    ; Lost fanout                            ;
; Cpu1:cpu1|bus_out[2]                    ; Lost fanout                            ;
; Mem[0][2]                               ; Lost fanout                            ;
; Mem[2][2]                               ; Lost fanout                            ;
; Mem[4][2]                               ; Lost fanout                            ;
; Mem[6][2]                               ; Lost fanout                            ;
; Cpu3:cpu3|bus_out[1]                    ; Lost fanout                            ;
; Cpu2:cpu2|bus_out[1]                    ; Lost fanout                            ;
; Cpu1:cpu1|bus_out[1]                    ; Lost fanout                            ;
; Mem[0][1]                               ; Lost fanout                            ;
; Mem[2][1]                               ; Lost fanout                            ;
; Mem[4][1]                               ; Lost fanout                            ;
; Mem[6][1]                               ; Lost fanout                            ;
; Cpu3:cpu3|bus_out[0]                    ; Lost fanout                            ;
; Cpu2:cpu2|bus_out[0]                    ; Lost fanout                            ;
; Cpu1:cpu1|bus_out[0]                    ; Lost fanout                            ;
; Mem[0][0]                               ; Lost fanout                            ;
; Mem[2][0]                               ; Lost fanout                            ;
; Mem[4][0]                               ; Lost fanout                            ;
; Mem[6][0]                               ; Lost fanout                            ;
; Cpu3:cpu3|bus_out[5]                    ; Lost fanout                            ;
; Cpu2:cpu2|bus_out[5]                    ; Lost fanout                            ;
; Cpu1:cpu1|bus_out[5]                    ; Lost fanout                            ;
; bus_in[8,9]                             ; Lost fanout                            ;
; Cpu1:cpu1|shared_out                    ; Lost fanout                            ;
; Cpu2:cpu2|shared_out                    ; Lost fanout                            ;
; Cpu3:cpu3|shared_out                    ; Lost fanout                            ;
; Cpu2:cpu2|Mesi:m_e|Mem_out[0,1]         ; Lost fanout                            ;
; Cpu1:cpu1|Mesi:m_e|Mem_out[0,1]         ; Lost fanout                            ;
; Cpu3:cpu3|Mesi:m_e|Mem_out[0,1]         ; Lost fanout                            ;
; Cpu3:cpu3|cache[3][2]                   ; Lost fanout                            ;
; Cpu3:cpu3|cache[2][2]                   ; Lost fanout                            ;
; Cpu3:cpu3|cache[1][2]                   ; Lost fanout                            ;
; Cpu3:cpu3|cache[0][2]                   ; Lost fanout                            ;
; inst[2]                                 ; Lost fanout                            ;
; Cpu2:cpu2|cache[3][2]                   ; Lost fanout                            ;
; Cpu2:cpu2|cache[2][2]                   ; Lost fanout                            ;
; Cpu2:cpu2|cache[1][2]                   ; Lost fanout                            ;
; Cpu2:cpu2|cache[0][2]                   ; Lost fanout                            ;
; Cpu1:cpu1|cache[3][2]                   ; Lost fanout                            ;
; Cpu1:cpu1|cache[2][2]                   ; Lost fanout                            ;
; Cpu1:cpu1|cache[1][2]                   ; Lost fanout                            ;
; Cpu1:cpu1|cache[0][2]                   ; Lost fanout                            ;
; Cpu3:cpu3|cache[3][1]                   ; Lost fanout                            ;
; Cpu3:cpu3|cache[2][1]                   ; Lost fanout                            ;
; Cpu3:cpu3|cache[1][1]                   ; Lost fanout                            ;
; Cpu3:cpu3|cache[0][1]                   ; Lost fanout                            ;
; Cpu2:cpu2|cache[3][1]                   ; Lost fanout                            ;
; Cpu2:cpu2|cache[2][1]                   ; Lost fanout                            ;
; Cpu2:cpu2|cache[1][1]                   ; Lost fanout                            ;
; Cpu2:cpu2|cache[0][1]                   ; Lost fanout                            ;
; Cpu1:cpu1|cache[3][1]                   ; Lost fanout                            ;
; Cpu1:cpu1|cache[2][1]                   ; Lost fanout                            ;
; Cpu1:cpu1|cache[1][1]                   ; Lost fanout                            ;
; Cpu1:cpu1|cache[0][1]                   ; Lost fanout                            ;
; Cpu3:cpu3|cache[3][0]                   ; Lost fanout                            ;
; Cpu3:cpu3|cache[2][0]                   ; Lost fanout                            ;
; Cpu3:cpu3|cache[1][0]                   ; Lost fanout                            ;
; Cpu3:cpu3|cache[0][0]                   ; Lost fanout                            ;
; inst[0]                                 ; Lost fanout                            ;
; Cpu2:cpu2|cache[3][0]                   ; Lost fanout                            ;
; Cpu2:cpu2|cache[2][0]                   ; Lost fanout                            ;
; Cpu2:cpu2|cache[1][0]                   ; Lost fanout                            ;
; Cpu2:cpu2|cache[0][0]                   ; Lost fanout                            ;
; Cpu1:cpu1|cache[3][0]                   ; Lost fanout                            ;
; Cpu1:cpu1|cache[2][0]                   ; Lost fanout                            ;
; Cpu1:cpu1|cache[1][0]                   ; Lost fanout                            ;
; Cpu1:cpu1|cache[0][0]                   ; Lost fanout                            ;
; Cpu3:cpu3|bus_out[9]                    ; Lost fanout                            ;
; Cpu2:cpu2|bus_out[9]                    ; Lost fanout                            ;
; Cpu1:cpu1|bus_out[9]                    ; Lost fanout                            ;
; Cpu3:cpu3|bus_out[8]                    ; Lost fanout                            ;
; Cpu2:cpu2|bus_out[8]                    ; Lost fanout                            ;
; Cpu1:cpu1|bus_out[8]                    ; Lost fanout                            ;
; Cpu3:cpu3|Mesi:m_e|Bus_out[1]           ; Lost fanout                            ;
; Cpu2:cpu2|Mesi:m_e|Bus_out[1]           ; Lost fanout                            ;
; Cpu1:cpu1|Mesi:m_e|Bus_out[1]           ; Lost fanout                            ;
; Cpu3:cpu3|Mesi:m_e|Bus_out[0]           ; Lost fanout                            ;
; Cpu2:cpu2|Mesi:m_e|Bus_out[0]           ; Lost fanout                            ;
; Cpu1:cpu1|Mesi:m_e|Bus_out[0]           ; Lost fanout                            ;
; passo~4                                 ; Lost fanout                            ;
; passo~5                                 ; Lost fanout                            ;
; passo~6                                 ; Lost fanout                            ;
; passo~7                                 ; Lost fanout                            ;
; Cpu3:cpu3|passo~11                      ; Lost fanout                            ;
; Cpu3:cpu3|passo~12                      ; Lost fanout                            ;
; Cpu3:cpu3|passo~13                      ; Lost fanout                            ;
; Cpu2:cpu2|passo~11                      ; Lost fanout                            ;
; Cpu2:cpu2|passo~12                      ; Lost fanout                            ;
; Cpu2:cpu2|passo~13                      ; Lost fanout                            ;
; Cpu1:cpu1|passo~11                      ; Lost fanout                            ;
; Cpu1:cpu1|passo~12                      ; Lost fanout                            ;
; Cpu1:cpu1|passo~13                      ; Lost fanout                            ;
; controleP3                              ; Lost fanout                            ;
; hab_cpu3                                ; Lost fanout                            ;
; inst[1,6]                               ; Lost fanout                            ;
; controleP2                              ; Lost fanout                            ;
; hab_cpu2                                ; Lost fanout                            ;
; controleP1                              ; Lost fanout                            ;
; hab_cpu1                                ; Lost fanout                            ;
; inst[8,9]                               ; Lost fanout                            ;
; pc[0..4]                                ; Lost fanout                            ;
; passo.10000                             ; Lost fanout                            ;
; passo.00000                             ; Lost fanout                            ;
; passo.00001                             ; Lost fanout                            ;
; passo.00010                             ; Lost fanout                            ;
; passo.00011                             ; Lost fanout                            ;
; passo.00100                             ; Lost fanout                            ;
; passo.00101                             ; Lost fanout                            ;
; passo.00110                             ; Lost fanout                            ;
; passo.00111                             ; Lost fanout                            ;
; passo.01000                             ; Lost fanout                            ;
; passo.01001                             ; Lost fanout                            ;
; passo.01010                             ; Lost fanout                            ;
; passo.01011                             ; Lost fanout                            ;
; passo.01100                             ; Lost fanout                            ;
; passo.01101                             ; Lost fanout                            ;
; passo.01110                             ; Lost fanout                            ;
; passo.01111                             ; Lost fanout                            ;
; Cpu3:cpu3|passo.000                     ; Lost fanout                            ;
; Cpu3:cpu3|passo.001                     ; Lost fanout                            ;
; Cpu3:cpu3|passo.010                     ; Lost fanout                            ;
; Cpu3:cpu3|passo.011                     ; Lost fanout                            ;
; Cpu3:cpu3|passo.100                     ; Lost fanout                            ;
; Cpu3:cpu3|passo.101                     ; Lost fanout                            ;
; Cpu3:cpu3|passo.110                     ; Lost fanout                            ;
; Cpu2:cpu2|passo.000                     ; Lost fanout                            ;
; Cpu2:cpu2|passo.001                     ; Lost fanout                            ;
; Cpu2:cpu2|passo.010                     ; Lost fanout                            ;
; Cpu2:cpu2|passo.011                     ; Lost fanout                            ;
; Cpu2:cpu2|passo.100                     ; Lost fanout                            ;
; Cpu2:cpu2|passo.101                     ; Lost fanout                            ;
; Cpu2:cpu2|passo.110                     ; Lost fanout                            ;
; Cpu1:cpu1|passo.000                     ; Lost fanout                            ;
; Cpu1:cpu1|passo.001                     ; Lost fanout                            ;
; Cpu1:cpu1|passo.010                     ; Lost fanout                            ;
; Cpu1:cpu1|passo.011                     ; Lost fanout                            ;
; Cpu1:cpu1|passo.100                     ; Lost fanout                            ;
; Cpu1:cpu1|passo.101                     ; Lost fanout                            ;
; Cpu1:cpu1|passo.110                     ; Lost fanout                            ;
; Total Number of Removed Registers = 265 ;                                        ;
+-----------------------------------------+----------------------------------------+


+-------------------------------------------------------------------------------------------------------------------------------------------------------+
; Removed Registers Triggering Further Register Optimizations                                                                                           ;
+-------------------------+---------------------------+-------------------------------------------------------------------------------------------------+
; Register name           ; Reason for Removal        ; Registers Removed due to This Register                                                          ;
+-------------------------+---------------------------+-------------------------------------------------------------------------------------------------+
; inst[3]                 ; Stuck at GND              ; inst[4], Cpu3:cpu3|cache[3][4], Cpu3:cpu3|cache[2][4], Cpu3:cpu3|cache[1][4],                   ;
;                         ; due to stuck port data_in ; Cpu3:cpu3|cache[0][4], inst[5], Cpu3:cpu3|cache[3][5], Cpu3:cpu3|cache[2][5],                   ;
;                         ;                           ; Cpu3:cpu3|cache[1][5], Cpu2:cpu2|cache[3][4], Cpu2:cpu2|cache[2][4],                            ;
;                         ;                           ; Cpu2:cpu2|cache[1][4], Cpu2:cpu2|cache[0][4], Cpu2:cpu2|cache[3][5],                            ;
;                         ;                           ; Cpu2:cpu2|cache[2][5], Cpu2:cpu2|cache[1][5], Cpu1:cpu1|cache[3][4],                            ;
;                         ;                           ; Cpu1:cpu1|cache[2][4], Cpu1:cpu1|cache[1][4], Cpu1:cpu1|cache[0][4],                            ;
;                         ;                           ; Cpu1:cpu1|cache[3][5], Cpu1:cpu1|cache[2][5], Cpu1:cpu1|cache[1][5], Cpu3:cpu3|acao[1],         ;
;                         ;                           ; Cpu3:cpu3|acao[0], Bus_arbiter:juiz|bus[3], Bus_arbiter:juiz|bus[7],                            ;
;                         ;                           ; Bus_arbiter:juiz|bus[2], Bus_arbiter:juiz|bus[5], Cpu2:cpu2|acao[0], Cpu1:cpu1|acao[0],         ;
;                         ;                           ; bus_in[3], hab_bus, bus_in[7], bus_in[2], bus_in[5], Cpu3:cpu3|bus_out[3],                      ;
;                         ;                           ; Cpu2:cpu2|bus_out[3], Cpu1:cpu1|bus_out[3], Cpu2:cpu2|bus_out[7], Cpu1:cpu1|bus_out[7],         ;
;                         ;                           ; Cpu3:cpu3|bus_out[7], Cpu3:cpu3|bus_out[4], Cpu2:cpu2|bus_out[4], Cpu1:cpu1|bus_out[4],         ;
;                         ;                           ; Cpu3:cpu3|bus_out[2], Cpu2:cpu2|bus_out[2], Cpu1:cpu1|bus_out[2], Mem[0][2], Mem[2][2],         ;
;                         ;                           ; Mem[4][2], Mem[6][2], Cpu3:cpu3|bus_out[1], Cpu2:cpu2|bus_out[1], Cpu1:cpu1|bus_out[1],         ;
;                         ;                           ; Mem[2][1], Mem[4][1], Mem[6][1], Cpu3:cpu3|bus_out[0], Cpu2:cpu2|bus_out[0],                    ;
;                         ;                           ; Cpu1:cpu1|bus_out[0], Mem[2][0], Mem[4][0], Mem[6][0], Cpu3:cpu3|bus_out[5],                    ;
;                         ;                           ; Cpu2:cpu2|bus_out[5], Cpu1:cpu1|bus_out[5], Cpu2:cpu2|Mesi:m_e|Mem_out[1],                      ;
;                         ;                           ; Cpu1:cpu1|Mesi:m_e|Mem_out[1], Cpu3:cpu3|Mesi:m_e|Mem_out[1], Cpu3:cpu3|cache[3][2],            ;
;                         ;                           ; Cpu3:cpu3|cache[2][2], Cpu3:cpu3|cache[1][2], inst[2], Cpu2:cpu2|cache[3][2],                   ;
;                         ;                           ; Cpu2:cpu2|cache[2][2], Cpu2:cpu2|cache[1][2], Cpu1:cpu1|cache[3][2],                            ;
;                         ;                           ; Cpu1:cpu1|cache[2][2], Cpu1:cpu1|cache[1][2], Cpu3:cpu3|cache[3][1],                            ;
;                         ;                           ; Cpu3:cpu3|cache[2][1], Cpu3:cpu3|cache[1][1], Cpu2:cpu2|cache[3][1],                            ;
;                         ;                           ; Cpu2:cpu2|cache[2][1], Cpu2:cpu2|cache[1][1], Cpu1:cpu1|cache[3][1],                            ;
;                         ;                           ; Cpu1:cpu1|cache[2][1], Cpu1:cpu1|cache[1][1], Cpu3:cpu3|cache[3][0],                            ;
;                         ;                           ; Cpu3:cpu3|cache[2][0], Cpu3:cpu3|cache[1][0], inst[0], Cpu2:cpu2|cache[3][0],                   ;
;                         ;                           ; Cpu2:cpu2|cache[2][0], Cpu2:cpu2|cache[1][0], Cpu1:cpu1|cache[3][0],                            ;
;                         ;                           ; Cpu1:cpu1|cache[2][0], Cpu1:cpu1|cache[1][0], controleP3, hab_cpu3, inst[6], inst[1],           ;
;                         ;                           ; controleP2, hab_cpu2, controleP1, hab_cpu1, inst[9], inst[8], pc[4], pc[3], pc[2], pc[1], pc[0] ;
; Cpu3:cpu3|cache[3][7]   ; Lost Fanouts              ; Cpu3:cpu3|Mesi:m_e|est_fut[1], Bus_arbiter:juiz|bus[9], Bus_arbiter:juiz|bus[8],                ;
;                         ;                           ; shared, bus_in[9], bus_in[8], Cpu1:cpu1|shared_out, Cpu2:cpu2|shared_out,                       ;
;                         ;                           ; Cpu3:cpu3|shared_out, Cpu3:cpu3|bus_out[9], Cpu2:cpu2|bus_out[9], Cpu1:cpu1|bus_out[9],         ;
;                         ;                           ; Cpu3:cpu3|bus_out[8], Cpu2:cpu2|bus_out[8], Cpu1:cpu1|bus_out[8],                               ;
;                         ;                           ; Cpu3:cpu3|Mesi:m_e|Bus_out[1], Cpu2:cpu2|Mesi:m_e|Bus_out[1],                                   ;
;                         ;                           ; Cpu1:cpu1|Mesi:m_e|Bus_out[1], Cpu3:cpu3|Mesi:m_e|Bus_out[0],                                   ;
;                         ;                           ; Cpu2:cpu2|Mesi:m_e|Bus_out[0], Cpu1:cpu1|Mesi:m_e|Bus_out[0]                                    ;
; Cpu3:cpu3|cache[3][3]   ; Lost Fanouts              ; Cpu3:cpu3|pos[1], Cpu3:cpu3|pos[0], Bus_arbiter:juiz|bus[6], Bus_arbiter:juiz|bus[4],           ;
;                         ;                           ; bus_in[6], bus_in[4], Cpu2:cpu2|bus_out[6], Cpu1:cpu1|bus_out[6], Cpu3:cpu3|bus_out[6],         ;
;                         ;                           ; Cpu2:cpu2|Mesi:m_e|Mem_out[0], Cpu1:cpu1|Mesi:m_e|Mem_out[0],                                   ;
;                         ;                           ; Cpu3:cpu3|Mesi:m_e|Mem_out[0]                                                                   ;
; passo~4                 ; Lost Fanouts              ; passo.00100, passo.00110, passo.01000, passo.01010, passo.01100, passo.01110                    ;
; Cpu3:cpu3|passo~11      ; Lost Fanouts              ; Cpu3:cpu3|passo.000, Cpu3:cpu3|passo.001, Cpu3:cpu3|passo.010, Cpu3:cpu3|passo.011,             ;
;                         ;                           ; Cpu3:cpu3|passo.100, Cpu3:cpu3|passo.101                                                        ;
; Cpu2:cpu2|passo~11      ; Lost Fanouts              ; Cpu2:cpu2|passo.000, Cpu2:cpu2|passo.001, Cpu2:cpu2|passo.010, Cpu2:cpu2|passo.011,             ;
;                         ;                           ; Cpu2:cpu2|passo.100, Cpu2:cpu2|passo.101                                                        ;
; Cpu1:cpu1|passo~11      ; Lost Fanouts              ; Cpu1:cpu1|passo.000, Cpu1:cpu1|passo.001, Cpu1:cpu1|passo.010, Cpu1:cpu1|passo.011,             ;
;                         ;                           ; Cpu1:cpu1|passo.100, Cpu1:cpu1|passo.101                                                        ;
; Cpu2:cpu2|cache[3][3]   ; Lost Fanouts              ; Cpu2:cpu2|pos[1], Cpu2:cpu2|pos[0], Cpu2:cpu2|acao[1]                                           ;
; Cpu1:cpu1|cache[3][3]   ; Lost Fanouts              ; Cpu1:cpu1|pos[1], Cpu1:cpu1|pos[0], Cpu1:cpu1|acao[1]                                           ;
; passo~5                 ; Lost Fanouts              ; passo.00101, passo.01001, passo.01101                                                           ;
; Bus_arbiter:juiz|bus[1] ; Lost Fanouts              ; bus_in[1], Mem[0][1]                                                                            ;
; Bus_arbiter:juiz|bus[0] ; Lost Fanouts              ; bus_in[0], Mem[0][0]                                                                            ;
; Cpu3:cpu3|cache[3][6]   ; Lost Fanouts              ; Cpu3:cpu3|Mesi:m_e|est_fut[0]                                                                   ;
; Cpu2:cpu2|cache[3][7]   ; Lost Fanouts              ; Cpu2:cpu2|Mesi:m_e|est_fut[1]                                                                   ;
; Cpu2:cpu2|cache[3][6]   ; Lost Fanouts              ; Cpu2:cpu2|Mesi:m_e|est_fut[0]                                                                   ;
; Cpu1:cpu1|cache[3][7]   ; Lost Fanouts              ; Cpu1:cpu1|Mesi:m_e|est_fut[1]                                                                   ;
; Cpu1:cpu1|cache[3][6]   ; Lost Fanouts              ; Cpu1:cpu1|Mesi:m_e|est_fut[0]                                                                   ;
; passo~6                 ; Lost Fanouts              ; passo.01011                                                                                     ;
; Cpu3:cpu3|passo~12      ; Lost Fanouts              ; Cpu3:cpu3|passo.110                                                                             ;
; Cpu2:cpu2|passo~12      ; Lost Fanouts              ; Cpu2:cpu2|passo.110                                                                             ;
; Cpu1:cpu1|passo~12      ; Lost Fanouts              ; Cpu1:cpu1|passo.110                                                                             ;
+-------------------------+---------------------------+-------------------------------------------------------------------------------------------------+


+------------------------------------------------------+
; General Register Statistics                          ;
+----------------------------------------------+-------+
; Statistic                                    ; Value ;
+----------------------------------------------+-------+
; Total registers                              ; 0     ;
; Number of registers using Synchronous Clear  ; 0     ;
; Number of registers using Synchronous Load   ; 0     ;
; Number of registers using Asynchronous Clear ; 0     ;
; Number of registers using Asynchronous Load  ; 0     ;
; Number of registers using Clock Enable       ; 0     ;
; Number of registers using Preset             ; 0     ;
+----------------------------------------------+-------+


+------------------------------------------------------------------------------------------------------------------------------------------+
; Multiplexer Restructuring Statistics (Restructuring Performed)                                                                           ;
+--------------------+-----------+---------------+----------------------+------------------------+------------+----------------------------+
; Multiplexer Inputs ; Bus Width ; Baseline Area ; Area if Restructured ; Saving if Restructured ; Registered ; Example Multiplexer Output ;
+--------------------+-----------+---------------+----------------------+------------------------+------------+----------------------------+
; 3:1                ; 3 bits    ; 6 LEs         ; 3 LEs                ; 3 LEs                  ; No         ; |Snooping|Cpu3:cpu3|passo  ;
; 3:1                ; 3 bits    ; 6 LEs         ; 3 LEs                ; 3 LEs                  ; No         ; |Snooping|Cpu2:cpu2|passo  ;
; 3:1                ; 3 bits    ; 6 LEs         ; 3 LEs                ; 3 LEs                  ; No         ; |Snooping|Cpu1:cpu1|passo  ;
; 4:1                ; 3 bits    ; 6 LEs         ; 6 LEs                ; 0 LEs                  ; No         ; |Snooping|controleP3       ;
+--------------------+-----------+---------------+----------------------+------------------------+------------+----------------------------+


+---------------------------------------------------------------------------------------------------------------------------------------------------------------------------------------------------------------+
; Port Connectivity Checks: "Cpu3:cpu3"                                                                                                                                                                         ;
+-------+--------+----------+-----------------------------------------------------------------------------------------------------------------------------------------------------------------------------------+
; Port  ; Type   ; Severity ; Details                                                                                                                                                                           ;
+-------+--------+----------+-----------------------------------------------------------------------------------------------------------------------------------------------------------------------------------+
; instr ; Input  ; Warning  ; Input port expression (10 bits) is wider than the input port (8 bits) it drives.  The 2 most-significant bit(s) in the expression will be dangling if they have no other fanouts. ;
; out   ; Output ; Info     ; Connected to dangling logic. Logic that only feeds a dangling port will be removed.                                                                                               ;
+-------+--------+----------+-----------------------------------------------------------------------------------------------------------------------------------------------------------------------------------+


+---------------------------------------------------------------------------------------------------------------------------------------------------------------------------------------------------------------+
; Port Connectivity Checks: "Cpu2:cpu2"                                                                                                                                                                         ;
+-------+--------+----------+-----------------------------------------------------------------------------------------------------------------------------------------------------------------------------------+
; Port  ; Type   ; Severity ; Details                                                                                                                                                                           ;
+-------+--------+----------+-----------------------------------------------------------------------------------------------------------------------------------------------------------------------------------+
; instr ; Input  ; Warning  ; Input port expression (10 bits) is wider than the input port (8 bits) it drives.  The 2 most-significant bit(s) in the expression will be dangling if they have no other fanouts. ;
; out   ; Output ; Info     ; Connected to dangling logic. Logic that only feeds a dangling port will be removed.                                                                                               ;
+-------+--------+----------+-----------------------------------------------------------------------------------------------------------------------------------------------------------------------------------+


+---------------------------------------------------------------------------------------------------------------------------------------------------------------------------------------------------------------+
; Port Connectivity Checks: "Cpu1:cpu1"                                                                                                                                                                         ;
+-------+--------+----------+-----------------------------------------------------------------------------------------------------------------------------------------------------------------------------------+
; Port  ; Type   ; Severity ; Details                                                                                                                                                                           ;
+-------+--------+----------+-----------------------------------------------------------------------------------------------------------------------------------------------------------------------------------+
; instr ; Input  ; Warning  ; Input port expression (10 bits) is wider than the input port (8 bits) it drives.  The 2 most-significant bit(s) in the expression will be dangling if they have no other fanouts. ;
; out   ; Output ; Info     ; Connected to dangling logic. Logic that only feeds a dangling port will be removed.                                                                                               ;
+-------+--------+----------+-----------------------------------------------------------------------------------------------------------------------------------------------------------------------------------+


+-------------------------------+
; Elapsed Time Per Partition    ;
+----------------+--------------+
; Partition Name ; Elapsed Time ;
+----------------+--------------+
; Top            ; 00:00:00     ;
+----------------+--------------+


+-------------------------------+
; Analysis & Synthesis Messages ;
+-------------------------------+
Info: *******************************************************************
Info: Running Quartus II 64-Bit Analysis & Synthesis
    Info: Version 13.0.1 Build 232 06/12/2013 Service Pack 1 SJ Web Edition
    Info: Processing started: Fri Dec 07 11:28:45 2018
Info: Command: quartus_map --read_settings_files=on --write_settings_files=off Snooping -c Snooping
Warning (20028): Parallel compilation is not licensed and has been disabled
Info (12021): Found 1 design units, including 1 entities, in source file cpu3.v
    Info (12023): Found entity 1: Cpu3
Info (12021): Found 1 design units, including 1 entities, in source file cpu2.v
    Info (12023): Found entity 1: Cpu2
Info (12021): Found 1 design units, including 1 entities, in source file cpu1.v
    Info (12023): Found entity 1: Cpu1
Info (12021): Found 1 design units, including 1 entities, in source file snooping.v
    Info (12023): Found entity 1: Snooping
Info (12021): Found 1 design units, including 1 entities, in source file mesi.v
    Info (12023): Found entity 1: Mesi
Info (12021): Found 1 design units, including 1 entities, in source file bus_arbiter.v
    Info (12023): Found entity 1: Bus_arbiter
Info (12127): Elaborating entity "Snooping" for the top level hierarchy
Warning (10230): Verilog HDL assignment warning at Snooping.v(36): truncated value with size 2 to match size of target (1)
Warning (10230): Verilog HDL assignment warning at Snooping.v(86): truncated value with size 32 to match size of target (5)
Warning (10030): Net "instrucao[31..9]" at Snooping.v(22) has no driver or initial value, using a default initial value '0'
Info (10041): Inferred latch for "instrucao[0][0]" at Snooping.v(27)
Info (10041): Inferred latch for "instrucao[0][1]" at Snooping.v(27)
Info (10041): Inferred latch for "instrucao[0][2]" at Snooping.v(27)
Info (10041): Inferred latch for "instrucao[0][3]" at Snooping.v(27)
Info (10041): Inferred latch for "instrucao[0][4]" at Snooping.v(27)
Info (10041): Inferred latch for "instrucao[0][5]" at Snooping.v(27)
Info (10041): Inferred latch for "instrucao[0][6]" at Snooping.v(27)
Info (10041): Inferred latch for "instrucao[0][7]" at Snooping.v(27)
Info (10041): Inferred latch for "instrucao[0][8]" at Snooping.v(27)
Info (10041): Inferred latch for "instrucao[0][9]" at Snooping.v(27)
Info (10041): Inferred latch for "instrucao[1][0]" at Snooping.v(27)
Info (10041): Inferred latch for "instrucao[1][1]" at Snooping.v(27)
Info (10041): Inferred latch for "instrucao[1][2]" at Snooping.v(27)
Info (10041): Inferred latch for "instrucao[1][3]" at Snooping.v(27)
Info (10041): Inferred latch for "instrucao[1][4]" at Snooping.v(27)
Info (10041): Inferred latch for "instrucao[1][5]" at Snooping.v(27)
Info (10041): Inferred latch for "instrucao[1][6]" at Snooping.v(27)
Info (10041): Inferred latch for "instrucao[1][7]" at Snooping.v(27)
Info (10041): Inferred latch for "instrucao[1][8]" at Snooping.v(27)
Info (10041): Inferred latch for "instrucao[1][9]" at Snooping.v(27)
Info (10041): Inferred latch for "instrucao[2][0]" at Snooping.v(27)
Info (10041): Inferred latch for "instrucao[2][1]" at Snooping.v(27)
Info (10041): Inferred latch for "instrucao[2][2]" at Snooping.v(27)
Info (10041): Inferred latch for "instrucao[2][3]" at Snooping.v(27)
Info (10041): Inferred latch for "instrucao[2][4]" at Snooping.v(27)
Info (10041): Inferred latch for "instrucao[2][5]" at Snooping.v(27)
Info (10041): Inferred latch for "instrucao[2][6]" at Snooping.v(27)
Info (10041): Inferred latch for "instrucao[2][7]" at Snooping.v(27)
Info (10041): Inferred latch for "instrucao[2][8]" at Snooping.v(27)
Info (10041): Inferred latch for "instrucao[2][9]" at Snooping.v(27)
Info (10041): Inferred latch for "instrucao[3][0]" at Snooping.v(27)
Info (10041): Inferred latch for "instrucao[3][1]" at Snooping.v(27)
Info (10041): Inferred latch for "instrucao[3][2]" at Snooping.v(27)
Info (10041): Inferred latch for "instrucao[3][3]" at Snooping.v(27)
Info (10041): Inferred latch for "instrucao[3][4]" at Snooping.v(27)
Info (10041): Inferred latch for "instrucao[3][5]" at Snooping.v(27)
Info (10041): Inferred latch for "instrucao[3][6]" at Snooping.v(27)
Info (10041): Inferred latch for "instrucao[3][7]" at Snooping.v(27)
Info (10041): Inferred latch for "instrucao[3][8]" at Snooping.v(27)
Info (10041): Inferred latch for "instrucao[3][9]" at Snooping.v(27)
Info (10041): Inferred latch for "instrucao[4][0]" at Snooping.v(27)
Info (10041): Inferred latch for "instrucao[4][1]" at Snooping.v(27)
Info (10041): Inferred latch for "instrucao[4][2]" at Snooping.v(27)
Info (10041): Inferred latch for "instrucao[4][3]" at Snooping.v(27)
Info (10041): Inferred latch for "instrucao[4][4]" at Snooping.v(27)
Info (10041): Inferred latch for "instrucao[4][5]" at Snooping.v(27)
Info (10041): Inferred latch for "instrucao[4][6]" at Snooping.v(27)
Info (10041): Inferred latch for "instrucao[4][7]" at Snooping.v(27)
Info (10041): Inferred latch for "instrucao[4][8]" at Snooping.v(27)
Info (10041): Inferred latch for "instrucao[4][9]" at Snooping.v(27)
Info (10041): Inferred latch for "instrucao[5][0]" at Snooping.v(27)
Info (10041): Inferred latch for "instrucao[5][1]" at Snooping.v(27)
Info (10041): Inferred latch for "instrucao[5][2]" at Snooping.v(27)
Info (10041): Inferred latch for "instrucao[5][3]" at Snooping.v(27)
Info (10041): Inferred latch for "instrucao[5][4]" at Snooping.v(27)
Info (10041): Inferred latch for "instrucao[5][5]" at Snooping.v(27)
Info (10041): Inferred latch for "instrucao[5][6]" at Snooping.v(27)
Info (10041): Inferred latch for "instrucao[5][7]" at Snooping.v(27)
Info (10041): Inferred latch for "instrucao[5][8]" at Snooping.v(27)
Info (10041): Inferred latch for "instrucao[5][9]" at Snooping.v(27)
Info (10041): Inferred latch for "instrucao[6][0]" at Snooping.v(27)
Info (10041): Inferred latch for "instrucao[6][1]" at Snooping.v(27)
Info (10041): Inferred latch for "instrucao[6][2]" at Snooping.v(27)
Info (10041): Inferred latch for "instrucao[6][3]" at Snooping.v(27)
Info (10041): Inferred latch for "instrucao[6][4]" at Snooping.v(27)
Info (10041): Inferred latch for "instrucao[6][5]" at Snooping.v(27)
Info (10041): Inferred latch for "instrucao[6][6]" at Snooping.v(27)
Info (10041): Inferred latch for "instrucao[6][7]" at Snooping.v(27)
Info (10041): Inferred latch for "instrucao[6][8]" at Snooping.v(27)
Info (10041): Inferred latch for "instrucao[6][9]" at Snooping.v(27)
Info (10041): Inferred latch for "instrucao[7][0]" at Snooping.v(27)
Info (10041): Inferred latch for "instrucao[7][1]" at Snooping.v(27)
Info (10041): Inferred latch for "instrucao[7][2]" at Snooping.v(27)
Info (10041): Inferred latch for "instrucao[7][3]" at Snooping.v(27)
Info (10041): Inferred latch for "instrucao[7][4]" at Snooping.v(27)
Info (10041): Inferred latch for "instrucao[7][5]" at Snooping.v(27)
Info (10041): Inferred latch for "instrucao[7][6]" at Snooping.v(27)
Info (10041): Inferred latch for "instrucao[7][7]" at Snooping.v(27)
Info (10041): Inferred latch for "instrucao[7][8]" at Snooping.v(27)
Info (10041): Inferred latch for "instrucao[7][9]" at Snooping.v(27)
Info (10041): Inferred latch for "instrucao[8][0]" at Snooping.v(27)
Info (10041): Inferred latch for "instrucao[8][1]" at Snooping.v(27)
Info (10041): Inferred latch for "instrucao[8][2]" at Snooping.v(27)
Info (10041): Inferred latch for "instrucao[8][3]" at Snooping.v(27)
Info (10041): Inferred latch for "instrucao[8][4]" at Snooping.v(27)
Info (10041): Inferred latch for "instrucao[8][5]" at Snooping.v(27)
Info (10041): Inferred latch for "instrucao[8][6]" at Snooping.v(27)
Info (10041): Inferred latch for "instrucao[8][7]" at Snooping.v(27)
Info (10041): Inferred latch for "instrucao[8][8]" at Snooping.v(27)
Info (10041): Inferred latch for "instrucao[8][9]" at Snooping.v(27)
Info (10041): Inferred latch for "Mem[0][3]" at Snooping.v(27)
Info (10041): Inferred latch for "Mem[0][4]" at Snooping.v(27)
Info (10041): Inferred latch for "Mem[0][5]" at Snooping.v(27)
Info (10041): Inferred latch for "Mem[1][3]" at Snooping.v(27)
Info (10041): Inferred latch for "Mem[1][4]" at Snooping.v(27)
Info (10041): Inferred latch for "Mem[1][5]" at Snooping.v(27)
Info (10041): Inferred latch for "Mem[2][3]" at Snooping.v(27)
Info (10041): Inferred latch for "Mem[2][4]" at Snooping.v(27)
Info (10041): Inferred latch for "Mem[2][5]" at Snooping.v(27)
Info (10041): Inferred latch for "Mem[3][3]" at Snooping.v(27)
Info (10041): Inferred latch for "Mem[3][4]" at Snooping.v(27)
Info (10041): Inferred latch for "Mem[3][5]" at Snooping.v(27)
Info (10041): Inferred latch for "Mem[4][3]" at Snooping.v(27)
Info (10041): Inferred latch for "Mem[4][4]" at Snooping.v(27)
Info (10041): Inferred latch for "Mem[4][5]" at Snooping.v(27)
Info (10041): Inferred latch for "Mem[5][3]" at Snooping.v(27)
Info (10041): Inferred latch for "Mem[5][4]" at Snooping.v(27)
Info (10041): Inferred latch for "Mem[5][5]" at Snooping.v(27)
Info (10041): Inferred latch for "Mem[6][3]" at Snooping.v(27)
Info (10041): Inferred latch for "Mem[6][4]" at Snooping.v(27)
Info (10041): Inferred latch for "Mem[6][5]" at Snooping.v(27)
Info (10041): Inferred latch for "Mem[7][3]" at Snooping.v(27)
Info (10041): Inferred latch for "Mem[7][4]" at Snooping.v(27)
Info (10041): Inferred latch for "Mem[7][5]" at Snooping.v(27)
Info (12128): Elaborating entity "Bus_arbiter" for hierarchy "Bus_arbiter:juiz"
Info (12128): Elaborating entity "Cpu1" for hierarchy "Cpu1:cpu1"
Warning (10230): Verilog HDL assignment warning at Cpu1.v(44): truncated value with size 32 to match size of target (2)
Warning (10230): Verilog HDL assignment warning at Cpu1.v(118): truncated value with size 6 to match size of target (3)
Warning (10230): Verilog HDL assignment warning at Cpu1.v(125): truncated value with size 6 to match size of target (3)
Warning (10230): Verilog HDL assignment warning at Cpu1.v(136): truncated value with size 32 to match size of target (2)
Warning (10230): Verilog HDL assignment warning at Cpu1.v(159): truncated value with size 6 to match size of target (3)
Info (10264): Verilog HDL Case Statement information at Cpu1.v(132): all case item expressions in this case statement are onehot
Info (12128): Elaborating entity "Mesi" for hierarchy "Cpu1:cpu1|Mesi:m_e"
Info (12128): Elaborating entity "Cpu2" for hierarchy "Cpu2:cpu2"
Warning (10230): Verilog HDL assignment warning at Cpu2.v(44): truncated value with size 32 to match size of target (2)
Warning (10230): Verilog HDL assignment warning at Cpu2.v(118): truncated value with size 6 to match size of target (3)
Warning (10230): Verilog HDL assignment warning at Cpu2.v(125): truncated value with size 6 to match size of target (3)
Warning (10230): Verilog HDL assignment warning at Cpu2.v(136): truncated value with size 32 to match size of target (2)
Warning (10230): Verilog HDL assignment warning at Cpu2.v(159): truncated value with size 6 to match size of target (3)
Info (10264): Verilog HDL Case Statement information at Cpu2.v(132): all case item expressions in this case statement are onehot
Info (12128): Elaborating entity "Cpu3" for hierarchy "Cpu3:cpu3"
Warning (10230): Verilog HDL assignment warning at Cpu3.v(44): truncated value with size 32 to match size of target (2)
Warning (10230): Verilog HDL assignment warning at Cpu3.v(118): truncated value with size 6 to match size of target (3)
Warning (10230): Verilog HDL assignment warning at Cpu3.v(125): truncated value with size 6 to match size of target (3)
Warning (10230): Verilog HDL assignment warning at Cpu3.v(136): truncated value with size 32 to match size of target (2)
Warning (10230): Verilog HDL assignment warning at Cpu3.v(159): truncated value with size 6 to match size of target (3)
Info (10264): Verilog HDL Case Statement information at Cpu3.v(132): all case item expressions in this case statement are onehot
Warning (12241): 3 hierarchies have connectivity warnings - see the Connectivity Checks report folder
Info (17049): 263 registers lost all their fanouts during netlist optimizations.
Info (144001): Generated suppressed messages file C:/Users/Daniel.BATCOMPUTER/Desktop/Pratica4_DanielSantana_IsaqueFernando/Parte_2/Snooping/Snooping.map.smsg
Info (16010): Generating hard_block partition "hard_block:auto_generated_inst"
    Info (16011): Adding 0 node(s), including 0 DDIO, 0 PLL, 0 transceiver and 0 LCELL
Warning (21074): Design contains 2 input pin(s) that do not drive logic
    Warning (15610): No output dependent on input pin "clock"
    Warning (15610): No output dependent on input pin "clear"
Info (21057): Implemented 2 device resources after synthesis - the final resource count might be different
    Info (21058): Implemented 2 input pins
    Info (21059): Implemented 0 output pins
Info: Quartus II 64-Bit Analysis & Synthesis was successful. 0 errors, 23 warnings
    Info: Peak virtual memory: 4669 megabytes
    Info: Processing ended: Fri Dec 07 11:28:47 2018
    Info: Elapsed time: 00:00:02
    Info: Total CPU time (on all processors): 00:00:02


+------------------------------------------+
; Analysis & Synthesis Suppressed Messages ;
+------------------------------------------+
The suppressed messages can be found in C:/Users/Daniel.BATCOMPUTER/Desktop/Pratica4_DanielSantana_IsaqueFernando/Parte_2/Snooping/Snooping.map.smsg.


